Release 14.7 - xst P.20131013 (nt64)
Copyright (c) 1995-2013 Xilinx, Inc.  All rights reserved.
--> Parameter TMPDIR set to xst/projnav.tmp


Total REAL time to Xst completion: 1.00 secs
Total CPU time to Xst completion: 0.10 secs
 
--> Parameter xsthdpdir set to xst


Total REAL time to Xst completion: 1.00 secs
Total CPU time to Xst completion: 0.10 secs
 
--> Reading design: sn74163.prj

TABLE OF CONTENTS
  1) Synthesis Options Summary
  2) HDL Compilation
  3) Design Hierarchy Analysis
  4) HDL Analysis
  5) HDL Synthesis
     5.1) HDL Synthesis Report
  6) Advanced HDL Synthesis
     6.1) Advanced HDL Synthesis Report
  7) Low Level Synthesis
  8) Partition Report
  9) Final Report
	9.1) Device utilization summary
	9.2) Partition Resource Summary
	9.3) TIMING REPORT


=========================================================================
*                      Synthesis Options Summary                        *
=========================================================================
---- Source Parameters
Input File Name                    : "sn74163.prj"
Input Format                       : mixed
Ignore Synthesis Constraint File   : NO

---- Target Parameters
Output File Name                   : "sn74163"
Output Format                      : NGC
Target Device                      : xc3s5000-4-fg900

---- Source Options
Top Module Name                    : sn74163
Automatic FSM Extraction           : YES
FSM Encoding Algorithm             : Auto
Safe Implementation                : No
FSM Style                          : LUT
RAM Extraction                     : Yes
RAM Style                          : Auto
ROM Extraction                     : Yes
Mux Style                          : Auto
Decoder Extraction                 : YES
Priority Encoder Extraction        : Yes
Shift Register Extraction          : YES
Logical Shifter Extraction         : YES
XOR Collapsing                     : YES
ROM Style                          : Auto
Mux Extraction                     : Yes
Resource Sharing                   : YES
Asynchronous To Synchronous        : NO
Multiplier Style                   : Auto
Automatic Register Balancing       : No

---- Target Options
Add IO Buffers                     : YES
Global Maximum Fanout              : 500
Add Generic Clock Buffer(BUFG)     : 8
Register Duplication               : YES
Slice Packing                      : YES
Optimize Instantiated Primitives   : NO
Use Clock Enable                   : Yes
Use Synchronous Set                : Yes
Use Synchronous Reset              : Yes
Pack IO Registers into IOBs        : Auto
Equivalent register Removal        : YES

---- General Options
Optimization Goal                  : Speed
Optimization Effort                : 1
Keep Hierarchy                     : No
Netlist Hierarchy                  : As_Optimized
RTL Output                         : Yes
Global Optimization                : AllClockNets
Read Cores                         : YES
Write Timing Constraints           : NO
Cross Clock Analysis               : NO
Hierarchy Separator                : /
Bus Delimiter                      : <>
Case Specifier                     : Maintain
Slice Utilization Ratio            : 100
BRAM Utilization Ratio             : 100
Verilog 2001                       : YES
Auto BRAM Packing                  : NO
Slice Utilization Ratio Delta      : 5

=========================================================================


=========================================================================
*                          HDL Compilation                              *
=========================================================================
Compiling vhdl file "D:/study/sogang/18y6s/adca/Project/PCFG_18/cnt/vhdl/cnt_11bit.vhd" in Library work.
Entity <sn74163> compiled.
Entity <sn74163> (Architecture <behavioral>) compiled.

=========================================================================
*                     Design Hierarchy Analysis                         *
=========================================================================
Analyzing hierarchy for entity <sn74163> in library <work> (architecture <behavioral>).


=========================================================================
*                            HDL Analysis                               *
=========================================================================
Analyzing Entity <sn74163> in library <work> (Architecture <behavioral>).
Entity <sn74163> analyzed. Unit <sn74163> generated.


=========================================================================
*                           HDL Synthesis                               *
=========================================================================

Performing bidirectional port resolution...

Synthesizing Unit <sn74163>.
    Related source file is "D:/study/sogang/18y6s/adca/Project/PCFG_18/cnt/vhdl/cnt_11bit.vhd".
    Found 11-bit up counter for signal <Q>.
    Summary:
	inferred   1 Counter(s).
Unit <sn74163> synthesized.


=========================================================================
HDL Synthesis Report

Macro Statistics
# Counters                                             : 1
 11-bit up counter                                     : 1

=========================================================================

=========================================================================
*                       Advanced HDL Synthesis                          *
=========================================================================


=========================================================================
Advanced HDL Synthesis Report

Macro Statistics
# Counters                                             : 1
 11-bit up counter                                     : 1

=========================================================================

=========================================================================
*                         Low Level Synthesis                           *
=========================================================================

Optimizing unit <sn74163> ...

Mapping all equations...
Building and optimizing final netlist ...
Found area constraint ratio of 100 (+ 5) on block sn74163, actual ratio is 0.

Final Macro Processing ...

=========================================================================
Final Register Report

Macro Statistics
# Registers                                            : 11
 Flip-Flops                                            : 11

=========================================================================

=========================================================================
*                           Partition Report                            *
=========================================================================

Partition Implementation Status
-------------------------------

  No Partitions were found in this design.

-------------------------------

=========================================================================
*                            Final Report                               *
=========================================================================
Final Results
RTL Top Level Output File Name     : sn74163.ngr
Top Level Output File Name         : sn74163
Output Format                      : NGC
Optimization Goal                  : Speed
Keep Hierarchy                     : No

Design Statistics
# IOs                              : 28

Cell Usage :
# BELS                             : 39
#      GND                         : 1
#      INV                         : 1
#      LUT3                        : 13
#      LUT4                        : 3
#      MUXCY                       : 10
#      XORCY                       : 11
# FlipFlops/Latches                : 11
#      FDRE                        : 11
# Clock Buffers                    : 1
#      BUFGP                       : 1
# IO Buffers                       : 27
#      IBUF                        : 15
#      OBUF                        : 12
=========================================================================

Device utilization summary:
---------------------------

Selected Device : 3s5000fg900-4 

 Number of Slices:                        9  out of  33280     0%  
 Number of Slice Flip Flops:             11  out of  66560     0%  
 Number of 4 input LUTs:                 17  out of  66560     0%  
 Number of IOs:                          28
 Number of bonded IOBs:                  28  out of    633     4%  
 Number of GCLKs:                         1  out of      8    12%  

---------------------------
Partition Resource Summary:
---------------------------

  No Partitions were found in this design.

---------------------------


=========================================================================
TIMING REPORT

NOTE: THESE TIMING NUMBERS ARE ONLY A SYNTHESIS ESTIMATE.
      FOR ACCURATE TIMING INFORMATION PLEASE REFER TO THE TRACE REPORT
      GENERATED AFTER PLACE-and-ROUTE.

Clock Information:
------------------
-----------------------------------+------------------------+-------+
Clock Signal                       | Clock buffer(FF name)  | Load  |
-----------------------------------+------------------------+-------+
clk                                | BUFGP                  | 11    |
-----------------------------------+------------------------+-------+

Asynchronous Control Signals Information:
----------------------------------------
No asynchronous control signals found in this design

Timing Summary:
---------------
Speed Grade: -4

   Minimum period: 4.429ns (Maximum Frequency: 225.785MHz)
   Minimum input arrival time before clock: 5.064ns
   Maximum output required time after clock: 10.653ns
   Maximum combinational path delay: 10.140ns

Timing Detail:
--------------
All values displayed in nanoseconds (ns)

=========================================================================
Timing constraint: Default period analysis for Clock 'clk'
  Clock period: 4.429ns (frequency: 225.785MHz)
  Total number of paths / destination ports: 66 / 11
-------------------------------------------------------------------------
Delay:               4.429ns (Levels of Logic = 12)
  Source:            Q_0 (FF)
  Destination:       Q_10 (FF)
  Source Clock:      clk rising
  Destination Clock: clk rising

  Data Path: Q_0 to Q_10
                                Gate     Net
    Cell:in->out      fanout   Delay   Delay  Logical Name (Net Name)
    ----------------------------------------  ------------
     FDRE:C->Q             3   0.720   0.975  Q_0 (Q_0)
     LUT3:I2->O            1   0.551   0.000  Mcount_Q_lut<0> (Mcount_Q_lut<0>)
     MUXCY:S->O            1   0.500   0.000  Mcount_Q_cy<0> (Mcount_Q_cy<0>)
     MUXCY:CI->O           1   0.064   0.000  Mcount_Q_cy<1> (Mcount_Q_cy<1>)
     MUXCY:CI->O           1   0.064   0.000  Mcount_Q_cy<2> (Mcount_Q_cy<2>)
     MUXCY:CI->O           1   0.064   0.000  Mcount_Q_cy<3> (Mcount_Q_cy<3>)
     MUXCY:CI->O           1   0.064   0.000  Mcount_Q_cy<4> (Mcount_Q_cy<4>)
     MUXCY:CI->O           1   0.064   0.000  Mcount_Q_cy<5> (Mcount_Q_cy<5>)
     MUXCY:CI->O           1   0.064   0.000  Mcount_Q_cy<6> (Mcount_Q_cy<6>)
     MUXCY:CI->O           1   0.064   0.000  Mcount_Q_cy<7> (Mcount_Q_cy<7>)
     MUXCY:CI->O           1   0.064   0.000  Mcount_Q_cy<8> (Mcount_Q_cy<8>)
     MUXCY:CI->O           0   0.064   0.000  Mcount_Q_cy<9> (Mcount_Q_cy<9>)
     XORCY:CI->O           1   0.904   0.000  Mcount_Q_xor<10> (Mcount_Q10)
     FDRE:D                    0.203          Q_10
    ----------------------------------------
    Total                      4.429ns (3.454ns logic, 0.975ns route)
                                       (78.0% logic, 22.0% route)

=========================================================================
Timing constraint: Default OFFSET IN BEFORE for Clock 'clk'
  Total number of paths / destination ports: 187 / 33
-------------------------------------------------------------------------
Offset:              5.064ns (Levels of Logic = 13)
  Source:            loadN (PAD)
  Destination:       Q_10 (FF)
  Destination Clock: clk rising

  Data Path: loadN to Q_10
                                Gate     Net
    Cell:in->out      fanout   Delay   Delay  Logical Name (Net Name)
    ----------------------------------------  ------------
     IBUF:I->O            13   0.821   1.509  loadN_IBUF (loadN_IBUF)
     LUT3:I0->O            1   0.551   0.000  Mcount_Q_lut<0> (Mcount_Q_lut<0>)
     MUXCY:S->O            1   0.500   0.000  Mcount_Q_cy<0> (Mcount_Q_cy<0>)
     MUXCY:CI->O           1   0.064   0.000  Mcount_Q_cy<1> (Mcount_Q_cy<1>)
     MUXCY:CI->O           1   0.064   0.000  Mcount_Q_cy<2> (Mcount_Q_cy<2>)
     MUXCY:CI->O           1   0.064   0.000  Mcount_Q_cy<3> (Mcount_Q_cy<3>)
     MUXCY:CI->O           1   0.064   0.000  Mcount_Q_cy<4> (Mcount_Q_cy<4>)
     MUXCY:CI->O           1   0.064   0.000  Mcount_Q_cy<5> (Mcount_Q_cy<5>)
     MUXCY:CI->O           1   0.064   0.000  Mcount_Q_cy<6> (Mcount_Q_cy<6>)
     MUXCY:CI->O           1   0.064   0.000  Mcount_Q_cy<7> (Mcount_Q_cy<7>)
     MUXCY:CI->O           1   0.064   0.000  Mcount_Q_cy<8> (Mcount_Q_cy<8>)
     MUXCY:CI->O           0   0.064   0.000  Mcount_Q_cy<9> (Mcount_Q_cy<9>)
     XORCY:CI->O           1   0.904   0.000  Mcount_Q_xor<10> (Mcount_Q10)
     FDRE:D                    0.203          Q_10
    ----------------------------------------
    Total                      5.064ns (3.555ns logic, 1.509ns route)
                                       (70.2% logic, 29.8% route)

=========================================================================
Timing constraint: Default OFFSET OUT AFTER for Clock 'clk'
  Total number of paths / destination ports: 22 / 12
-------------------------------------------------------------------------
Offset:              10.653ns (Levels of Logic = 3)
  Source:            Q_0 (FF)
  Destination:       rco (PAD)
  Source Clock:      clk rising

  Data Path: Q_0 to rco
                                Gate     Net
    Cell:in->out      fanout   Delay   Delay  Logical Name (Net Name)
    ----------------------------------------  ------------
     FDRE:C->Q             3   0.720   1.246  Q_0 (Q_0)
     LUT4:I0->O            1   0.551   1.140  rco_and00004 (rco_and00004)
     LUT3:I0->O            1   0.551   0.801  rco_and000023 (rco_OBUF)
     OBUF:I->O                 5.644          rco_OBUF (rco)
    ----------------------------------------
    Total                     10.653ns (7.466ns logic, 3.187ns route)
                                       (70.1% logic, 29.9% route)

=========================================================================
Timing constraint: Default path analysis
  Total number of paths / destination ports: 1 / 1
-------------------------------------------------------------------------
Delay:               10.140ns (Levels of Logic = 4)
  Source:            ent (PAD)
  Destination:       rco (PAD)

  Data Path: ent to rco
                                Gate     Net
    Cell:in->out      fanout   Delay   Delay  Logical Name (Net Name)
    ----------------------------------------  ------------
     IBUF:I->O             2   0.821   0.903  ent_IBUF (ent_IBUF)
     LUT4:I3->O            1   0.551   0.869  rco_and000014 (rco_and000014)
     LUT3:I2->O            1   0.551   0.801  rco_and000023 (rco_OBUF)
     OBUF:I->O                 5.644          rco_OBUF (rco)
    ----------------------------------------
    Total                     10.140ns (7.567ns logic, 2.573ns route)
                                       (74.6% logic, 25.4% route)

=========================================================================


Total REAL time to Xst completion: 4.00 secs
Total CPU time to Xst completion: 3.53 secs
 
--> 

Total memory usage is 4518672 kilobytes

Number of errors   :    0 (   0 filtered)
Number of warnings :    0 (   0 filtered)
Number of infos    :    0 (   0 filtered)

