Running: D:\Xilinx\14.7\ISE_DS\ISE\bin\nt64\unwrapped\fuse.exe -intstyle ise -incremental -o D:/study/sogang/18y6s/adca/Project/PCFG_18/MemTransfer/tb_memtp_isim_beh.exe -prj D:/study/sogang/18y6s/adca/Project/PCFG_18/MemTransfer/tb_memtp_beh.prj work.tb_memtp 
ISim P.20131013 (signature 0x7708f090)
Number of CPUs detected in this system: 8
Turning on mult-threading, number of parallel sub-compilation jobs: 16 
Determining compilation order of HDL files
Parsing VHDL file "D:/study/sogang/18y6s/adca/Project/PCFG_18/MemTransfer/ipcore_dir/sram0.vhd" into library work
Parsing VHDL file "D:/study/sogang/18y6s/adca/Project/PCFG_18/MemTransfer/vhdl/remcontroller.vhd" into library work
Parsing VHDL file "D:/study/sogang/18y6s/adca/Project/PCFG_18/MemTransfer/vhdl/MemTransfer.vhd" into library work
Parsing VHDL file "D:/study/sogang/18y6s/adca/Project/PCFG_18/MemTransfer/vhdl/tb_memtp.vhd" into library work
Starting static elaboration
Completed static elaboration
Compiling package standard
Compiling package std_logic_1164
Compiling package std_logic_arith
Compiling package std_logic_unsigned
Compiling package textio
Compiling package std_logic_textio
Compiling architecture output_stage_behavioral of entity BLK_MEM_GEN_V7_3_output_stage [\BLK_MEM_GEN_V7_3_output_stage("...]
Compiling architecture softecc_output_reg_stage_behavioral of entity BLK_MEM_GEN_V7_3_softecc_output_reg_stage [\BLK_MEM_GEN_V7_3_softecc_output...]
Compiling architecture mem_module_behavioral of entity BLK_MEM_GEN_V7_3_mem_module [\BLK_MEM_GEN_V7_3_mem_module("bl...]
Compiling architecture behavioral of entity BLK_MEM_GEN_V7_3 [\BLK_MEM_GEN_V7_3("blk_mem_gen_v...]
Compiling architecture sram0_a of entity sram0 [sram0_default]
Compiling architecture behavioral of entity RemController [remcontroller_default]
Compiling architecture behavioral of entity MemTransfer [memtransfer_default]
Compiling architecture behavior of entity tb_memtp
Time Resolution for simulation is 1ps.
Waiting for 1 sub-compilation(s) to finish...
Compiled 21 VHDL Units
Built simulation executable D:/study/sogang/18y6s/adca/Project/PCFG_18/MemTransfer/tb_memtp_isim_beh.exe
Fuse Memory Usage: 37500 KB
Fuse CPU Usage: 624 ms
