ISim log file
Running: D:\study\sogang\18y6s\adca\Project\PCFG_18\MemTransfer\tb_memtp_isim_beh.exe -intstyle ise -gui -tclbatch isim.cmd -wdb D:/study/sogang/18y6s/adca/Project/PCFG_18/MemTransfer/tb_memtp_isim_beh.wdb 
ISim P.20131013 (signature 0x7708f090)
----------------------------------------------------------------------
INFO:Security:61 - The XILINXD_LICENSE_FILE environment variable is not set.
INFO:Security:63 - The LM_LICENSE_FILE environment variable is not set.
INFO:Security:68 - For more information or for assistance in obtaining 
 a license, please run the Xilinx License Configuration Manager
       (xlcm or "Manage Xilinx Licenses".)
INFO:Security:68a - user is dhej1, on host DESKTOP-JMJBC6K.
ERROR:Security:14 - No feature was available for 'ISIM'.

No such feature exists.
Feature:       ISIM
License path:  C:/.Xilinx\Xilinx.lic;D:\Xilinx\14.7\ISE_DS\ISE\/coregen/core_licenses\Xilinx.lic;D:\Xilinx\14.7\ISE_DS\ISE\/coregen/core_licenses\XilinxFree.lic;D:\Xilinx\14.7\ISE_DS\EDK/data/core_licenses\Xilinx.lic;
FLEXnet Licensing error:-5,357
For further information, refer to the FLEXnet Licensing documentation,
available at "www.flexerasoftware.com".
----------------------------------------------------------------------
WARNING: A full ISim License cannot be checked out due to the issues listed above. Please use Xilinx License Configuration Manager to fix these issues in order to check out a full ISim license.
WARNING: ISim will run in Lite mode. Please refer to the ISim documentation for more information on the differences between the Lite and the Full version.
This is a Lite version of ISim.
Time resolution is 1 ps
# onerror resume
# wave add /
# run 5us
Simulator is doing circuit initialization process.
at 0 ps, Instance /tb_memtp/uut/remctr0/ : Warning: There is an 'U'|'X'|'W'|'Z'|'-' in an arithmetic operand, the result will be 'X'(es).
Finished circuit initialization process.
at 187500 ps(1), Instance /tb_memtp/uut/ram0/U0/native_mem_module/mem_module/ : Warning: blk_mem_gen_v7_3 WARNING: collision detected: A write address: 00000000001, B read address: 00000000001

at 200 ns(1): Note: Block Memory Generator CORE Generator module is using a behavioral model FOR simulation which will not precisely model memory collision behavior. (/tb_memtp/uut/ram0/U0/native_mem_module/mem_module/).
at 200 ns(1), Instance /tb_memtp/uut/ram0/U0/native_mem_module/mem_module/ : Warning: blk_mem_gen_v7_3 WARNING: collision detected: A write address: 00000000001, B read address: 00000000001

at 212500 ps(1), Instance /tb_memtp/uut/ram0/U0/native_mem_module/mem_module/ : Warning: blk_mem_gen_v7_3 WARNING: collision detected: A write address: 00000000010, B read address: 00000000010

at 225 ns(1), Instance /tb_memtp/uut/ram0/U0/native_mem_module/mem_module/ : Warning: blk_mem_gen_v7_3 WARNING: collision detected: A write address: 00000000010, B read address: 00000000010

at 237500 ps(1), Instance /tb_memtp/uut/ram0/U0/native_mem_module/mem_module/ : Warning: blk_mem_gen_v7_3 WARNING: collision detected: A write address: 00000000011, B read address: 00000000011

at 250 ns(1), Instance /tb_memtp/uut/ram0/U0/native_mem_module/mem_module/ : Warning: blk_mem_gen_v7_3 WARNING: collision detected: A write address: 00000000011, B read address: 00000000011

at 262500 ps(1), Instance /tb_memtp/uut/ram0/U0/native_mem_module/mem_module/ : Warning: blk_mem_gen_v7_3 WARNING: collision detected: A write address: 00000000100, B read address: 00000000100

at 275 ns(1), Instance /tb_memtp/uut/ram0/U0/native_mem_module/mem_module/ : Warning: blk_mem_gen_v7_3 WARNING: collision detected: A write address: 00000000100, B read address: 00000000100

at 462500 ps(1), Instance /tb_memtp/uut/ram1/U0/native_mem_module/mem_module/ : Warning: blk_mem_gen_v7_3 WARNING: collision detected: A write address: 00000000001, B read address: 00000000001

at 475 ns(1): Note: Block Memory Generator CORE Generator module is using a behavioral model FOR simulation which will not precisely model memory collision behavior. (/tb_memtp/uut/ram1/U0/native_mem_module/mem_module/).
at 475 ns(1), Instance /tb_memtp/uut/ram1/U0/native_mem_module/mem_module/ : Warning: blk_mem_gen_v7_3 WARNING: collision detected: A write address: 00000000001, B read address: 00000000001

at 487500 ps(1), Instance /tb_memtp/uut/ram1/U0/native_mem_module/mem_module/ : Warning: blk_mem_gen_v7_3 WARNING: collision detected: A write address: 00000000010, B read address: 00000000010

at 500 ns(1), Instance /tb_memtp/uut/ram1/U0/native_mem_module/mem_module/ : Warning: blk_mem_gen_v7_3 WARNING: collision detected: A write address: 00000000010, B read address: 00000000010

at 512500 ps(1), Instance /tb_memtp/uut/ram1/U0/native_mem_module/mem_module/ : Warning: blk_mem_gen_v7_3 WARNING: collision detected: A write address: 00000000011, B read address: 00000000011

at 525 ns(1), Instance /tb_memtp/uut/ram1/U0/native_mem_module/mem_module/ : Warning: blk_mem_gen_v7_3 WARNING: collision detected: A write address: 00000000011, B read address: 00000000011

at 537500 ps(1), Instance /tb_memtp/uut/ram1/U0/native_mem_module/mem_module/ : Warning: blk_mem_gen_v7_3 WARNING: collision detected: A write address: 00000000100, B read address: 00000000100

at 550 ns(1), Instance /tb_memtp/uut/ram1/U0/native_mem_module/mem_module/ : Warning: blk_mem_gen_v7_3 WARNING: collision detected: A write address: 00000000100, B read address: 00000000100

