Release 14.7 - xst P.20131013 (nt64)
Copyright (c) 1995-2013 Xilinx, Inc.  All rights reserved.
--> Parameter TMPDIR set to xst/projnav.tmp


Total REAL time to Xst completion: 0.00 secs
Total CPU time to Xst completion: 0.10 secs
 
--> Parameter xsthdpdir set to xst


Total REAL time to Xst completion: 0.00 secs
Total CPU time to Xst completion: 0.10 secs
 
--> Reading design: MemTransfer.prj

TABLE OF CONTENTS
  1) Synthesis Options Summary
  2) HDL Compilation
  3) Design Hierarchy Analysis
  4) HDL Analysis
  5) HDL Synthesis
     5.1) HDL Synthesis Report
  6) Advanced HDL Synthesis
     6.1) Advanced HDL Synthesis Report
  7) Low Level Synthesis
  8) Partition Report
  9) Final Report
	9.1) Device utilization summary
	9.2) Partition Resource Summary
	9.3) TIMING REPORT


=========================================================================
*                      Synthesis Options Summary                        *
=========================================================================
---- Source Parameters
Input File Name                    : "MemTransfer.prj"
Input Format                       : mixed
Ignore Synthesis Constraint File   : NO

---- Target Parameters
Output File Name                   : "MemTransfer"
Output Format                      : NGC
Target Device                      : xc3s5000-4-fg900

---- Source Options
Top Module Name                    : MemTransfer
Automatic FSM Extraction           : YES
FSM Encoding Algorithm             : Auto
Safe Implementation                : No
FSM Style                          : LUT
RAM Extraction                     : Yes
RAM Style                          : Auto
ROM Extraction                     : Yes
Mux Style                          : Auto
Decoder Extraction                 : YES
Priority Encoder Extraction        : Yes
Shift Register Extraction          : YES
Logical Shifter Extraction         : YES
XOR Collapsing                     : YES
ROM Style                          : Auto
Mux Extraction                     : Yes
Resource Sharing                   : YES
Asynchronous To Synchronous        : NO
Multiplier Style                   : Auto
Automatic Register Balancing       : No

---- Target Options
Add IO Buffers                     : YES
Global Maximum Fanout              : 500
Add Generic Clock Buffer(BUFG)     : 8
Register Duplication               : YES
Slice Packing                      : YES
Optimize Instantiated Primitives   : NO
Use Clock Enable                   : Yes
Use Synchronous Set                : Yes
Use Synchronous Reset              : Yes
Pack IO Registers into IOBs        : Auto
Equivalent register Removal        : YES

---- General Options
Optimization Goal                  : Speed
Optimization Effort                : 1
Keep Hierarchy                     : No
Netlist Hierarchy                  : As_Optimized
RTL Output                         : Yes
Global Optimization                : AllClockNets
Read Cores                         : YES
Write Timing Constraints           : NO
Cross Clock Analysis               : NO
Hierarchy Separator                : /
Bus Delimiter                      : <>
Case Specifier                     : Maintain
Slice Utilization Ratio            : 100
BRAM Utilization Ratio             : 100
Verilog 2001                       : YES
Auto BRAM Packing                  : NO
Slice Utilization Ratio Delta      : 5

---- Other Options
Cores Search Directories           : {"ipcore_dir"  }

=========================================================================


=========================================================================
*                          HDL Compilation                              *
=========================================================================
Compiling vhdl file "D:/study/sogang/18y6s/adca/Project/PCFG_18/MemTransfer/ipcore_dir/sram0.vhd" in Library work.
Architecture sram0_a of Entity sram0 is up to date.
Compiling vhdl file "D:/study/sogang/18y6s/adca/Project/PCFG_18/MemTransfer/vhdl/remcontroller.vhd" in Library work.
Architecture behavioral of Entity remcontroller is up to date.
Compiling vhdl file "D:/study/sogang/18y6s/adca/Project/PCFG_18/MemTransfer/vhdl/MemTransfer.vhd" in Library work.
Entity <memtransfer> compiled.
Entity <MemTransfer> (Architecture <Behavioral>) compiled.

=========================================================================
*                     Design Hierarchy Analysis                         *
=========================================================================
Analyzing hierarchy for entity <MemTransfer> in library <work> (architecture <Behavioral>).

Analyzing hierarchy for entity <RemController> in library <work> (architecture <behavioral>).


=========================================================================
*                            HDL Analysis                               *
=========================================================================
Analyzing Entity <MemTransfer> in library <work> (Architecture <Behavioral>).
WARNING:Xst:2211 - "D:/study/sogang/18y6s/adca/Project/PCFG_18/MemTransfer/vhdl/MemTransfer.vhd" line 88: Instantiating black box module <sram0>.
WARNING:Xst:2211 - "D:/study/sogang/18y6s/adca/Project/PCFG_18/MemTransfer/vhdl/MemTransfer.vhd" line 114: Instantiating black box module <sram0>.
Entity <MemTransfer> analyzed. Unit <MemTransfer> generated.

Analyzing Entity <RemController> in library <work> (Architecture <behavioral>).
Entity <RemController> analyzed. Unit <RemController> generated.


=========================================================================
*                           HDL Synthesis                               *
=========================================================================

Performing bidirectional port resolution...

Synthesizing Unit <RemController>.
    Related source file is "D:/study/sogang/18y6s/adca/Project/PCFG_18/MemTransfer/vhdl/remcontroller.vhd".
    Found 11-bit comparator lessequal for signal <m_comp$cmp_le0000> created at line 26.
    Found 11-bit up counter for signal <s_Cnt>.
    Found 11-bit register for signal <s_Reg>.
    Found 11-bit adder for signal <s_Reg$addsub0000> created at line 40.
    Summary:
	inferred   1 Counter(s).
	inferred  11 D-type flip-flop(s).
	inferred   1 Adder/Subtractor(s).
	inferred   1 Comparator(s).
Unit <RemController> synthesized.


Synthesizing Unit <MemTransfer>.
    Related source file is "D:/study/sogang/18y6s/adca/Project/PCFG_18/MemTransfer/vhdl/MemTransfer.vhd".
WARNING:Xst:1306 - Output <m_Cnt> is never assigned.
WARNING:Xst:1306 - Output <m_comp> is never assigned.
Unit <MemTransfer> synthesized.


=========================================================================
HDL Synthesis Report

Macro Statistics
# Adders/Subtractors                                   : 2
 11-bit adder                                          : 2
# Counters                                             : 2
 11-bit up counter                                     : 2
# Registers                                            : 2
 11-bit register                                       : 2
# Comparators                                          : 2
 11-bit comparator lessequal                           : 2

=========================================================================

=========================================================================
*                       Advanced HDL Synthesis                          *
=========================================================================

Reading core <ipcore_dir/sram0.ngc>.
Loading core <sram0> for timing and area information for instance <ram0>.
Loading core <sram0> for timing and area information for instance <ram1>.

=========================================================================
Advanced HDL Synthesis Report

Macro Statistics
# Adders/Subtractors                                   : 2
 11-bit adder                                          : 2
# Counters                                             : 2
 11-bit up counter                                     : 2
# Registers                                            : 22
 Flip-Flops                                            : 22
# Comparators                                          : 2
 11-bit comparator lessequal                           : 2

=========================================================================

=========================================================================
*                         Low Level Synthesis                           *
=========================================================================
INFO:Xst:1901 - Instance U0/xst_blk_mem_generator/gnativebmg.native_blk_mem_gen/valid.cstr/ramloop[0].ram.r/s3_noinit.ram/dpram.dp9x9.ram in unit U0/xst_blk_mem_generator/gnativebmg.native_blk_mem_gen/valid.cstr/ramloop[0].ram.r/s3_noinit.ram/dpram.dp9x9.ram of type RAMB16_S9_S9 has been replaced by RAMB16
INFO:Xst:1901 - Instance U0/xst_blk_mem_generator/gnativebmg.native_blk_mem_gen/valid.cstr/ramloop[0].ram.r/s3_noinit.ram/dpram.dp9x9.ram in unit U0/xst_blk_mem_generator/gnativebmg.native_blk_mem_gen/valid.cstr/ramloop[0].ram.r/s3_noinit.ram/dpram.dp9x9.ram of type RAMB16_S9_S9 has been replaced by RAMB16

Optimizing unit <MemTransfer> ...

Optimizing unit <RemController> ...

Mapping all equations...
Building and optimizing final netlist ...
Found area constraint ratio of 100 (+ 5) on block MemTransfer, actual ratio is 0.

Final Macro Processing ...

=========================================================================
Final Register Report

Macro Statistics
# Registers                                            : 44
 Flip-Flops                                            : 44

=========================================================================

=========================================================================
*                           Partition Report                            *
=========================================================================

Partition Implementation Status
-------------------------------

  No Partitions were found in this design.

-------------------------------

=========================================================================
*                            Final Report                               *
=========================================================================
Final Results
RTL Top Level Output File Name     : MemTransfer.ngr
Top Level Output File Name         : MemTransfer
Output Format                      : NGC
Optimization Goal                  : Speed
Keep Hierarchy                     : No

Design Statistics
# IOs                              : 87

Cell Usage :
# BELS                             : 195
#      GND                         : 5
#      INV                         : 2
#      LUT1                        : 20
#      LUT2                        : 29
#      LUT3                        : 8
#      LUT3_D                      : 2
#      LUT3_L                      : 2
#      LUT4                        : 43
#      LUT4_D                      : 2
#      LUT4_L                      : 6
#      MUXCY                       : 42
#      MUXF5                       : 11
#      VCC                         : 1
#      XORCY                       : 22
# FlipFlops/Latches                : 44
#      FDE                         : 22
#      FDRE                        : 22
# RAMS                             : 2
#      RAMB16                      : 2
# Clock Buffers                    : 1
#      BUFGP                       : 1
# IO Buffers                       : 74
#      IBUF                        : 31
#      OBUF                        : 43
=========================================================================

Device utilization summary:
---------------------------

Selected Device : 3s5000fg900-4 

 Number of Slices:                       60  out of  33280     0%  
 Number of Slice Flip Flops:             44  out of  66560     0%  
 Number of 4 input LUTs:                114  out of  66560     0%  
 Number of IOs:                          87
 Number of bonded IOBs:                  75  out of    633    11%  
 Number of BRAMs:                         2  out of    104     1%  
 Number of GCLKs:                         1  out of      8    12%  

---------------------------
Partition Resource Summary:
---------------------------

  No Partitions were found in this design.

---------------------------


=========================================================================
TIMING REPORT

NOTE: THESE TIMING NUMBERS ARE ONLY A SYNTHESIS ESTIMATE.
      FOR ACCURATE TIMING INFORMATION PLEASE REFER TO THE TRACE REPORT
      GENERATED AFTER PLACE-and-ROUTE.

Clock Information:
------------------
-----------------------------------+------------------------+-------+
Clock Signal                       | Clock buffer(FF name)  | Load  |
-----------------------------------+------------------------+-------+
m_clk                              | BUFGP                  | 46    |
-----------------------------------+------------------------+-------+

Asynchronous Control Signals Information:
----------------------------------------
No asynchronous control signals found in this design

Timing Summary:
---------------
Speed Grade: -4

   Minimum period: 5.639ns (Maximum Frequency: 177.336MHz)
   Minimum input arrival time before clock: 5.491ns
   Maximum output required time after clock: 10.373ns
   Maximum combinational path delay: No path found

Timing Detail:
--------------
All values displayed in nanoseconds (ns)

=========================================================================
Timing constraint: Default period analysis for Clock 'm_clk'
  Clock period: 5.639ns (frequency: 177.336MHz)
  Total number of paths / destination ports: 348 / 88
-------------------------------------------------------------------------
Delay:               5.639ns (Levels of Logic = 3)
  Source:            remctr0/s_Reg_1 (FF)
  Destination:       remctr0/s_Reg_6 (FF)
  Source Clock:      m_clk rising
  Destination Clock: m_clk rising

  Data Path: remctr0/s_Reg_1 to remctr0/s_Reg_6
                                Gate     Net
    Cell:in->out      fanout   Delay   Delay  Logical Name (Net Name)
    ----------------------------------------  ------------
     FDE:C->Q              7   0.720   1.261  remctr0/s_Reg_1 (remctr0/s_Reg_1)
     LUT3:I1->O            3   0.551   0.975  remctr0/Madd_s_Reg_addsub0000_cy<2>11 (remctr0/Madd_s_Reg_addsub0000_cy<2>)
     LUT3_D:I2->O          1   0.551   0.827  remctr0/Madd_s_Reg_addsub0000_cy<4>11 (remctr0/Madd_s_Reg_addsub0000_cy<4>)
     LUT4:I3->O            1   0.551   0.000  remctr0/s_Reg_mux0000<6> (remctr0/s_Reg_mux0000<6>)
     FDE:D                     0.203          remctr0/s_Reg_6
    ----------------------------------------
    Total                      5.639ns (2.576ns logic, 3.063ns route)
                                       (45.7% logic, 54.3% route)

=========================================================================
Timing constraint: Default OFFSET IN BEFORE for Clock 'm_clk'
  Total number of paths / destination ports: 206 / 100
-------------------------------------------------------------------------
Offset:              5.491ns (Levels of Logic = 4)
  Source:            m_sel1<0> (PAD)
  Destination:       remctr1/s_Reg_10 (FF)
  Destination Clock: m_clk rising

  Data Path: m_sel1<0> to remctr1/s_Reg_10
                                Gate     Net
    Cell:in->out      fanout   Delay   Delay  Logical Name (Net Name)
    ----------------------------------------  ------------
     IBUF:I->O            24   0.821   2.136  m_sel1_0_IBUF (m_sel1_0_IBUF)
     LUT4:I0->O            1   0.551   0.000  remctr1/s_Reg_mux0000<10>_SW0_SW1_G (N86)
     MUXF5:I1->O           1   0.360   0.869  remctr1/s_Reg_mux0000<10>_SW0_SW1 (N75)
     LUT4:I2->O            1   0.551   0.000  remctr1/s_Reg_mux0000<10> (remctr1/s_Reg_mux0000<10>)
     FDE:D                     0.203          remctr1/s_Reg_10
    ----------------------------------------
    Total                      5.491ns (2.486ns logic, 3.005ns route)
                                       (45.3% logic, 54.7% route)

=========================================================================
Timing constraint: Default OFFSET OUT AFTER for Clock 'm_clk'
  Total number of paths / destination ports: 99 / 35
-------------------------------------------------------------------------
Offset:              10.373ns (Levels of Logic = 13)
  Source:            remctr0/s_Reg_0 (FF)
  Destination:       d_Comp0 (PAD)
  Source Clock:      m_clk rising

  Data Path: remctr0/s_Reg_0 to d_Comp0
                                Gate     Net
    Cell:in->out      fanout   Delay   Delay  Logical Name (Net Name)
    ----------------------------------------  ------------
     FDE:C->Q              8   0.720   1.278  remctr0/s_Reg_0 (remctr0/s_Reg_0)
     LUT2:I1->O            1   0.551   0.000  remctr0/Mcompar_m_comp_cmp_le0000_lut<0> (remctr0/Mcompar_m_comp_cmp_le0000_lut<0>)
     MUXCY:S->O            1   0.500   0.000  remctr0/Mcompar_m_comp_cmp_le0000_cy<0> (remctr0/Mcompar_m_comp_cmp_le0000_cy<0>)
     MUXCY:CI->O           1   0.064   0.000  remctr0/Mcompar_m_comp_cmp_le0000_cy<1> (remctr0/Mcompar_m_comp_cmp_le0000_cy<1>)
     MUXCY:CI->O           1   0.064   0.000  remctr0/Mcompar_m_comp_cmp_le0000_cy<2> (remctr0/Mcompar_m_comp_cmp_le0000_cy<2>)
     MUXCY:CI->O           1   0.064   0.000  remctr0/Mcompar_m_comp_cmp_le0000_cy<3> (remctr0/Mcompar_m_comp_cmp_le0000_cy<3>)
     MUXCY:CI->O           1   0.064   0.000  remctr0/Mcompar_m_comp_cmp_le0000_cy<4> (remctr0/Mcompar_m_comp_cmp_le0000_cy<4>)
     MUXCY:CI->O           1   0.064   0.000  remctr0/Mcompar_m_comp_cmp_le0000_cy<5> (remctr0/Mcompar_m_comp_cmp_le0000_cy<5>)
     MUXCY:CI->O           1   0.064   0.000  remctr0/Mcompar_m_comp_cmp_le0000_cy<6> (remctr0/Mcompar_m_comp_cmp_le0000_cy<6>)
     MUXCY:CI->O           1   0.064   0.000  remctr0/Mcompar_m_comp_cmp_le0000_cy<7> (remctr0/Mcompar_m_comp_cmp_le0000_cy<7>)
     MUXCY:CI->O           1   0.064   0.000  remctr0/Mcompar_m_comp_cmp_le0000_cy<8> (remctr0/Mcompar_m_comp_cmp_le0000_cy<8>)
     MUXCY:CI->O           1   0.064   0.000  remctr0/Mcompar_m_comp_cmp_le0000_cy<9> (remctr0/Mcompar_m_comp_cmp_le0000_cy<9>)
     MUXCY:CI->O           1   0.303   0.801  remctr0/Mcompar_m_comp_cmp_le0000_cy<10> (d_Comp0_OBUF)
     OBUF:I->O                 5.644          d_Comp0_OBUF (d_Comp0)
    ----------------------------------------
    Total                     10.373ns (8.294ns logic, 2.079ns route)
                                       (80.0% logic, 20.0% route)

=========================================================================


Total REAL time to Xst completion: 5.00 secs
Total CPU time to Xst completion: 4.82 secs
 
--> 

Total memory usage is 4534888 kilobytes

Number of errors   :    0 (   0 filtered)
Number of warnings :    4 (   0 filtered)
Number of infos    :    2 (   0 filtered)

