Running: C:\Xilinx\14.7\ISE_DS\ISE\bin\nt64\unwrapped\fuse.exe -intstyle ise -incremental -lib unisim -lib unimacro -lib xilinxcorelib -lib secureip -o x_synthesis.exe -prj postsynthesis.prj work.tb_remctr 
ISim P.20131013 (signature 0x7708f090)
Number of CPUs detected in this system: 4
Turning on mult-threading, number of parallel sub-compilation jobs: 8 
Determining compilation order of HDL files
Parsing VHDL file "netgen/synthesis/MemProve_synthesis.vhd" into library work
Parsing VHDL file "vhdl/tb_remctr.vhd" into library work
Starting static elaboration
WARNING:HDLCompiler:89 - "vhdl/tb_remctr.vhd" Line 74: <remcontroller> remains a black-box since it has no binding entity.
Completed static elaboration
WARNING:Simulator:648 - "vhdl/tb_remctr.vhd" Line 74. Instance remcontroller is unbound
Compiling package standard
Compiling package std_logic_1164
Compiling architecture behavior of entity tb_remctr
Time Resolution for simulation is 1ps.
Waiting for 1 sub-compilation(s) to finish...
Compiled 3 VHDL Units
Built simulation executable x_synthesis.exe
Fuse Memory Usage: 47880 KB
Fuse CPU Usage: 1140 ms
