Release 14.7 - xst P.20131013 (nt64)
Copyright (c) 1995-2013 Xilinx, Inc.  All rights reserved.
--> Parameter TMPDIR set to xst/projnav.tmp


Total REAL time to Xst completion: 0.00 secs
Total CPU time to Xst completion: 0.16 secs
 
--> Parameter xsthdpdir set to xst


Total REAL time to Xst completion: 0.00 secs
Total CPU time to Xst completion: 0.16 secs
 
--> Reading design: MemProve.prj

TABLE OF CONTENTS
  1) Synthesis Options Summary
  2) HDL Compilation
  3) Design Hierarchy Analysis
  4) HDL Analysis
  5) HDL Synthesis
     5.1) HDL Synthesis Report
  6) Advanced HDL Synthesis
     6.1) Advanced HDL Synthesis Report
  7) Low Level Synthesis
  8) Partition Report
  9) Final Report
	9.1) Device utilization summary
	9.2) Partition Resource Summary
	9.3) TIMING REPORT


=========================================================================
*                      Synthesis Options Summary                        *
=========================================================================
---- Source Parameters
Input File Name                    : "MemProve.prj"
Input Format                       : mixed
Ignore Synthesis Constraint File   : NO

---- Target Parameters
Output File Name                   : "MemProve"
Output Format                      : NGC
Target Device                      : xc3s5000-4-fg900

---- Source Options
Top Module Name                    : MemProve
Automatic FSM Extraction           : YES
FSM Encoding Algorithm             : Auto
Safe Implementation                : No
FSM Style                          : LUT
RAM Extraction                     : Yes
RAM Style                          : Auto
ROM Extraction                     : Yes
Mux Style                          : Auto
Decoder Extraction                 : YES
Priority Encoder Extraction        : Yes
Shift Register Extraction          : YES
Logical Shifter Extraction         : YES
XOR Collapsing                     : YES
ROM Style                          : Auto
Mux Extraction                     : Yes
Resource Sharing                   : YES
Asynchronous To Synchronous        : NO
Multiplier Style                   : Auto
Automatic Register Balancing       : No

---- Target Options
Add IO Buffers                     : YES
Global Maximum Fanout              : 100000
Add Generic Clock Buffer(BUFG)     : 8
Register Duplication               : YES
Slice Packing                      : YES
Optimize Instantiated Primitives   : NO
Use Clock Enable                   : Yes
Use Synchronous Set                : Yes
Use Synchronous Reset              : Yes
Pack IO Registers into IOBs        : Auto
Equivalent register Removal        : YES

---- General Options
Optimization Goal                  : Speed
Optimization Effort                : 1
Keep Hierarchy                     : No
Netlist Hierarchy                  : As_Optimized
RTL Output                         : Yes
Global Optimization                : AllClockNets
Read Cores                         : YES
Write Timing Constraints           : NO
Cross Clock Analysis               : NO
Hierarchy Separator                : /
Bus Delimiter                      : <>
Case Specifier                     : Maintain
Slice Utilization Ratio            : 100
BRAM Utilization Ratio             : 100
Verilog 2001                       : YES
Auto BRAM Packing                  : NO
Slice Utilization Ratio Delta      : 5

---- Other Options
Cores Search Directories           : {"ipcore_dir"  }

=========================================================================


=========================================================================
*                          HDL Compilation                              *
=========================================================================
Compiling vhdl file "C:/KDH/Doc/18y6s/adca/PCFG/PCFG_18/MemProve/ipcore_dir/dual_port_ram.vhd" in Library work.
Entity <dual_port_ram> compiled.
Entity <dual_port_ram> (Architecture <dual_port_ram_a>) compiled.
Compiling vhdl file "C:/KDH/Doc/18y6s/adca/PCFG/PCFG_18/MemProve/vhdl/remcontroller.vhd" in Library work.
Entity <RemController> compiled.
Entity <RemController> (Architecture <Behavioral>) compiled.
Compiling vhdl file "C:/KDH/Doc/18y6s/adca/PCFG/PCFG_18/MemProve/vhdl/MemProve.vhd" in Library work.
Entity <MemProve> compiled.
Entity <MemProve> (Architecture <Behavioral>) compiled.

=========================================================================
*                     Design Hierarchy Analysis                         *
=========================================================================
Analyzing hierarchy for entity <MemProve> in library <work> (architecture <Behavioral>).

Analyzing hierarchy for entity <RemController> in library <work> (architecture <Behavioral>).


=========================================================================
*                            HDL Analysis                               *
=========================================================================
Analyzing Entity <MemProve> in library <work> (Architecture <Behavioral>).
WARNING:Xst:2211 - "C:/KDH/Doc/18y6s/adca/PCFG/PCFG_18/MemProve/vhdl/MemProve.vhd" line 69: Instantiating black box module <dual_port_ram>.
Entity <MemProve> analyzed. Unit <MemProve> generated.

Analyzing Entity <RemController> in library <work> (Architecture <Behavioral>).
Entity <RemController> analyzed. Unit <RemController> generated.


=========================================================================
*                           HDL Synthesis                               *
=========================================================================

Performing bidirectional port resolution...

Synthesizing Unit <RemController>.
    Related source file is "C:/KDH/Doc/18y6s/adca/PCFG/PCFG_18/MemProve/vhdl/remcontroller.vhd".
    Found 11-bit comparator lessequal for signal <m_comp$cmp_le0000> created at line 26.
    Found 11-bit up counter for signal <s_Cnt>.
    Found 11-bit register for signal <s_Reg>.
    Found 11-bit adder for signal <s_Reg$addsub0000> created at line 40.
    Summary:
	inferred   1 Counter(s).
	inferred  11 D-type flip-flop(s).
	inferred   1 Adder/Subtractor(s).
	inferred   1 Comparator(s).
Unit <RemController> synthesized.


Synthesizing Unit <MemProve>.
    Related source file is "C:/KDH/Doc/18y6s/adca/PCFG/PCFG_18/MemProve/vhdl/MemProve.vhd".
WARNING:Xst:1306 - Output <m_Cnt> is never assigned.
WARNING:Xst:1306 - Output <m_comp> is never assigned.
Unit <MemProve> synthesized.


=========================================================================
HDL Synthesis Report

Macro Statistics
# Adders/Subtractors                                   : 1
 11-bit adder                                          : 1
# Counters                                             : 1
 11-bit up counter                                     : 1
# Registers                                            : 1
 11-bit register                                       : 1
# Comparators                                          : 1
 11-bit comparator lessequal                           : 1

=========================================================================

=========================================================================
*                       Advanced HDL Synthesis                          *
=========================================================================


=========================================================================
Advanced HDL Synthesis Report

Macro Statistics
# Adders/Subtractors                                   : 1
 11-bit adder                                          : 1
# Counters                                             : 1
 11-bit up counter                                     : 1
# Registers                                            : 11
 Flip-Flops                                            : 11
# Comparators                                          : 1
 11-bit comparator lessequal                           : 1

=========================================================================

=========================================================================
*                         Low Level Synthesis                           *
=========================================================================

Optimizing unit <MemProve> ...

Optimizing unit <RemController> ...

Mapping all equations...
WARNING:Xst:2036 - Inserting OBUF on port <m_Dout<7>> driven by black box <dual_port_ram>. Possible simulation mismatch.
WARNING:Xst:2036 - Inserting OBUF on port <m_Dout<6>> driven by black box <dual_port_ram>. Possible simulation mismatch.
WARNING:Xst:2036 - Inserting OBUF on port <m_Dout<5>> driven by black box <dual_port_ram>. Possible simulation mismatch.
WARNING:Xst:2036 - Inserting OBUF on port <m_Dout<4>> driven by black box <dual_port_ram>. Possible simulation mismatch.
WARNING:Xst:2036 - Inserting OBUF on port <m_Dout<3>> driven by black box <dual_port_ram>. Possible simulation mismatch.
WARNING:Xst:2036 - Inserting OBUF on port <m_Dout<2>> driven by black box <dual_port_ram>. Possible simulation mismatch.
WARNING:Xst:2036 - Inserting OBUF on port <m_Dout<1>> driven by black box <dual_port_ram>. Possible simulation mismatch.
WARNING:Xst:2036 - Inserting OBUF on port <m_Dout<0>> driven by black box <dual_port_ram>. Possible simulation mismatch.
Building and optimizing final netlist ...
Found area constraint ratio of 100 (+ 5) on block MemProve, actual ratio is 0.

Final Macro Processing ...

=========================================================================
Final Register Report

Macro Statistics
# Registers                                            : 22
 Flip-Flops                                            : 22

=========================================================================

=========================================================================
*                           Partition Report                            *
=========================================================================

Partition Implementation Status
-------------------------------

  No Partitions were found in this design.

-------------------------------

=========================================================================
*                            Final Report                               *
=========================================================================
Final Results
RTL Top Level Output File Name     : MemProve.ngr
Top Level Output File Name         : MemProve
Output Format                      : NGC
Optimization Goal                  : Speed
Keep Hierarchy                     : No

Design Statistics
# IOs                              : 69

Cell Usage :
# BELS                             : 95
#      GND                         : 1
#      INV                         : 1
#      LUT1                        : 10
#      LUT2                        : 14
#      LUT3                        : 3
#      LUT3_D                      : 1
#      LUT3_L                      : 1
#      LUT4                        : 22
#      LUT4_D                      : 1
#      LUT4_L                      : 3
#      MUXCY                       : 21
#      MUXF5                       : 5
#      VCC                         : 1
#      XORCY                       : 11
# FlipFlops/Latches                : 22
#      FDE                         : 11
#      FDRE                        : 11
# Clock Buffers                    : 1
#      BUFGP                       : 1
# IO Buffers                       : 56
#      IBUF                        : 25
#      OBUF                        : 31
# Others                           : 1
#      dual_port_ram               : 1
=========================================================================

Device utilization summary:
---------------------------

Selected Device : 3s5000fg900-4 

 Number of Slices:                       29  out of  33280     0%  
 Number of Slice Flip Flops:             22  out of  66560     0%  
 Number of 4 input LUTs:                 56  out of  66560     0%  
 Number of IOs:                          69
 Number of bonded IOBs:                  57  out of    633     9%  
 Number of GCLKs:                         1  out of      8    12%  

---------------------------
Partition Resource Summary:
---------------------------

  No Partitions were found in this design.

---------------------------


=========================================================================
TIMING REPORT

NOTE: THESE TIMING NUMBERS ARE ONLY A SYNTHESIS ESTIMATE.
      FOR ACCURATE TIMING INFORMATION PLEASE REFER TO THE TRACE REPORT
      GENERATED AFTER PLACE-and-ROUTE.

Clock Information:
------------------
-----------------------------------+------------------------+-------+
Clock Signal                       | Clock buffer(FF name)  | Load  |
-----------------------------------+------------------------+-------+
m_clk                              | BUFGP                  | 22    |
-----------------------------------+------------------------+-------+

Asynchronous Control Signals Information:
----------------------------------------
No asynchronous control signals found in this design

Timing Summary:
---------------
Speed Grade: -4

   Minimum period: 5.638ns (Maximum Frequency: 177.368MHz)
   Minimum input arrival time before clock: 5.251ns
   Maximum output required time after clock: 10.373ns
   Maximum combinational path delay: 6.445ns

Timing Detail:
--------------
All values displayed in nanoseconds (ns)

=========================================================================
Timing constraint: Default period analysis for Clock 'm_clk'
  Clock period: 5.638ns (frequency: 177.368MHz)
  Total number of paths / destination ports: 141 / 22
-------------------------------------------------------------------------
Delay:               5.638ns (Levels of Logic = 3)
  Source:            remctr/s_Reg_2 (FF)
  Destination:       remctr/s_Reg_6 (FF)
  Source Clock:      m_clk rising
  Destination Clock: m_clk rising

  Data Path: remctr/s_Reg_2 to remctr/s_Reg_6
                                Gate     Net
    Cell:in->out      fanout   Delay   Delay  Logical Name (Net Name)
    ----------------------------------------  ------------
     FDE:C->Q              5   0.720   1.260  remctr/s_Reg_2 (remctr/s_Reg_2)
     LUT3:I0->O            3   0.551   0.975  remctr/Madd_s_Reg_addsub0000_cy<2>11 (remctr/Madd_s_Reg_addsub0000_cy<2>)
     LUT3_D:I2->O          1   0.551   0.827  remctr/Madd_s_Reg_addsub0000_cy<4>11 (remctr/Madd_s_Reg_addsub0000_cy<4>)
     LUT4:I3->O            1   0.551   0.000  remctr/s_Reg_mux0000<6> (remctr/s_Reg_mux0000<6>)
     FDE:D                     0.203          remctr/s_Reg_6
    ----------------------------------------
    Total                      5.638ns (2.576ns logic, 3.062ns route)
                                       (45.7% logic, 54.3% route)

=========================================================================
Timing constraint: Default OFFSET IN BEFORE for Clock 'm_clk'
  Total number of paths / destination ports: 106 / 44
-------------------------------------------------------------------------
Offset:              5.251ns (Levels of Logic = 4)
  Source:            m_sel<0> (PAD)
  Destination:       remctr/s_Reg_9 (FF)
  Destination Clock: m_clk rising

  Data Path: m_sel<0> to remctr/s_Reg_9
                                Gate     Net
    Cell:in->out      fanout   Delay   Delay  Logical Name (Net Name)
    ----------------------------------------  ------------
     IBUF:I->O            23   0.821   1.896  m_sel_0_IBUF (m_sel_0_IBUF)
     LUT4:I1->O            1   0.551   0.000  remctr/s_Reg_mux0000<9>_SW0_SW1_G (N42)
     MUXF5:I1->O           1   0.360   0.869  remctr/s_Reg_mux0000<9>_SW0_SW1 (N37)
     LUT4:I2->O            1   0.551   0.000  remctr/s_Reg_mux0000<9> (remctr/s_Reg_mux0000<9>)
     FDE:D                     0.203          remctr/s_Reg_9
    ----------------------------------------
    Total                      5.251ns (2.486ns logic, 2.765ns route)
                                       (47.3% logic, 52.7% route)

=========================================================================
Timing constraint: Default OFFSET OUT AFTER for Clock 'm_clk'
  Total number of paths / destination ports: 77 / 45
-------------------------------------------------------------------------
Offset:              10.373ns (Levels of Logic = 13)
  Source:            remctr/s_Reg_0 (FF)
  Destination:       d_Comp (PAD)
  Source Clock:      m_clk rising

  Data Path: remctr/s_Reg_0 to d_Comp
                                Gate     Net
    Cell:in->out      fanout   Delay   Delay  Logical Name (Net Name)
    ----------------------------------------  ------------
     FDE:C->Q              8   0.720   1.278  remctr/s_Reg_0 (remctr/s_Reg_0)
     LUT2:I1->O            1   0.551   0.000  remctr/Mcompar_m_comp_cmp_le0000_lut<0> (remctr/Mcompar_m_comp_cmp_le0000_lut<0>)
     MUXCY:S->O            1   0.500   0.000  remctr/Mcompar_m_comp_cmp_le0000_cy<0> (remctr/Mcompar_m_comp_cmp_le0000_cy<0>)
     MUXCY:CI->O           1   0.064   0.000  remctr/Mcompar_m_comp_cmp_le0000_cy<1> (remctr/Mcompar_m_comp_cmp_le0000_cy<1>)
     MUXCY:CI->O           1   0.064   0.000  remctr/Mcompar_m_comp_cmp_le0000_cy<2> (remctr/Mcompar_m_comp_cmp_le0000_cy<2>)
     MUXCY:CI->O           1   0.064   0.000  remctr/Mcompar_m_comp_cmp_le0000_cy<3> (remctr/Mcompar_m_comp_cmp_le0000_cy<3>)
     MUXCY:CI->O           1   0.064   0.000  remctr/Mcompar_m_comp_cmp_le0000_cy<4> (remctr/Mcompar_m_comp_cmp_le0000_cy<4>)
     MUXCY:CI->O           1   0.064   0.000  remctr/Mcompar_m_comp_cmp_le0000_cy<5> (remctr/Mcompar_m_comp_cmp_le0000_cy<5>)
     MUXCY:CI->O           1   0.064   0.000  remctr/Mcompar_m_comp_cmp_le0000_cy<6> (remctr/Mcompar_m_comp_cmp_le0000_cy<6>)
     MUXCY:CI->O           1   0.064   0.000  remctr/Mcompar_m_comp_cmp_le0000_cy<7> (remctr/Mcompar_m_comp_cmp_le0000_cy<7>)
     MUXCY:CI->O           1   0.064   0.000  remctr/Mcompar_m_comp_cmp_le0000_cy<8> (remctr/Mcompar_m_comp_cmp_le0000_cy<8>)
     MUXCY:CI->O           1   0.064   0.000  remctr/Mcompar_m_comp_cmp_le0000_cy<9> (remctr/Mcompar_m_comp_cmp_le0000_cy<9>)
     MUXCY:CI->O           1   0.303   0.801  remctr/Mcompar_m_comp_cmp_le0000_cy<10> (d_Comp_OBUF)
     OBUF:I->O                 5.644          d_Comp_OBUF (d_Comp)
    ----------------------------------------
    Total                     10.373ns (8.294ns logic, 2.079ns route)
                                       (80.0% logic, 20.0% route)

=========================================================================
Timing constraint: Default path analysis
  Total number of paths / destination ports: 21 / 21
-------------------------------------------------------------------------
Delay:               6.445ns (Levels of Logic = 1)
  Source:            ram0:DOUTB<7> (PAD)
  Destination:       m_Dout<7> (PAD)

  Data Path: ram0:DOUTB<7> to m_Dout<7>
                                Gate     Net
    Cell:in->out      fanout   Delay   Delay  Logical Name (Net Name)
    ----------------------------------------  ------------
    dual_port_ram:DOUTB<7>    1   0.000   0.801  ram0 (m_Dout_7_OBUF)
     OBUF:I->O                 5.644          m_Dout_7_OBUF (m_Dout<7>)
    ----------------------------------------
    Total                      6.445ns (5.644ns logic, 0.801ns route)
                                       (87.6% logic, 12.4% route)

=========================================================================


Total REAL time to Xst completion: 5.00 secs
Total CPU time to Xst completion: 5.03 secs
 
--> 

Total memory usage is 4550220 kilobytes

Number of errors   :    0 (   0 filtered)
Number of warnings :   11 (   0 filtered)
Number of infos    :    0 (   0 filtered)

