Command line:
   x_synthesis.exe
     -simmode  gui
     -simrunnum  0
     -socket  6672

Tue Nov 20 18:42:33 2018


 Elaboration Time: 0.234375 sec

 Current Memory Usage: 5363.89 Meg

 Total Signals          : 7583
 Total Nets             : 2113
 Total Signal Drivers   : 2042
 Total Blocks           : 1717
 Total Primitive Blocks : 1715
 Total Processes        : 2079
 Total Traceable Variables  : 1896
 Total Scalar Nets and Variables : 22386
Total Line Count : 6965

 Total Simulation Time: 0.765625 sec

 Current Memory Usage: 5206.6 Meg

Tue Nov 20 18:43:38 2018

