INFO:sim:172 - Generating IP...
Resolving generics for 'AD_RAM'...
Applying external generics to 'AD_RAM'...
Delivering associated files for 'AD_RAM'...
Delivering EJava files for 'AD_RAM'...
Generating implementation netlist for 'AD_RAM'...
INFO:sim - Pre-processing HDL files for 'AD_RAM'...
Running synthesis for 'AD_RAM'
Running ngcbuild...
Writing VHO instantiation template for 'AD_RAM'...
Writing VHDL behavioral simulation model for 'AD_RAM'...
WARNING:sim - Overwriting existing file
   C:/Users/user1/Documents/xilinx/oxford/ipcore_dir/tmp/_cg/AD_RAM/doc/blk_mem_
   gen_v7_3_vinfo.html with file from view xilinx_documentation
Delivered 1 file into directory
C:/Users/user1/Documents/xilinx/oxford/ipcore_dir/tmp/_cg/AD_RAM
Generating ASY schematic symbol...
INFO:sim:949 - Finished generation of ASY schematic symbol.
Generating SYM schematic symbol for 'AD_RAM'...
Generating metadata file...
Generating ISE project file for 'AD_RAM'...
Generating ISE project...
XCO file found: AD_RAM.xco
XMDF file found: AD_RAM_xmdf.tcl
Adding C:/Users/user1/Documents/xilinx/oxford/ipcore_dir/tmp/_cg/AD_RAM.asy
-view all -origin_type imported
Adding C:/Users/user1/Documents/xilinx/oxford/ipcore_dir/tmp/_cg/AD_RAM.ngc
-view all -origin_type created
Checking file
"C:/Users/user1/Documents/xilinx/oxford/ipcore_dir/tmp/_cg/AD_RAM.ngc" for
project device match ...
File "C:/Users/user1/Documents/xilinx/oxford/ipcore_dir/tmp/_cg/AD_RAM.ngc"
device information matches project device.
Adding C:/Users/user1/Documents/xilinx/oxford/ipcore_dir/tmp/_cg/AD_RAM.sym
-view all -origin_type imported
Adding C:/Users/user1/Documents/xilinx/oxford/ipcore_dir/tmp/_cg/AD_RAM.vhd
-view all -origin_type created
INFO:HDLCompiler:1061 - Parsing VHDL file
   "C:/Users/user1/Documents/xilinx/oxford/ipcore_dir/tmp/_cg/AD_RAM.vhd" into
   library work
INFO:ProjectMgmt - Parsing design hierarchy completed successfully.
Adding C:/Users/user1/Documents/xilinx/oxford/ipcore_dir/tmp/_cg/AD_RAM.vho
-view all -origin_type imported
INFO:TclTasksC:2116 - The automatic calculation of top has been turned-off.
   Please set the new top explicitly by running the "project set top" command.
   To re-calculate the new top automatically, set the "Auto Implementation Top"
   property to true.
Top level has been set to "/AD_RAM"
Generating README file...
Generating FLIST file...
INFO:sim:948 - Finished FLIST file generation.
Launching README viewer...
Moving files to output directory...
Finished moving files to output directory
Wrote CGP file for project 'AD_RAM'.
