Command line:
   tb_memtp_isim_beh.exe
     -simmode  gui
     -simrunnum  0
     -socket  50034

Mon Nov 19 03:46:52 2018


 Elaboration Time: 0.125 sec

 Current Memory Usage: 5206.75 Meg

 Total Signals          : 510
 Total Nets             : 33852
 Total Signal Drivers   : 158
 Total Blocks           : 33
 Total Primitive Blocks : 17
 Total Processes        : 96
 Total Traceable Variables  : 440
 Total Scalar Nets and Variables : 35658
Total Line Count : 783

 Total Simulation Time: 0.203125 sec

 Current Memory Usage: 4734.89 Meg

Mon Nov 19 04:17:00 2018

