INFO:sim:172 - Generating IP...
Resolving generics for 'sram'...
Applying external generics to 'sram'...
Delivering associated files for 'sram'...
Delivering EJava files for 'sram'...
Generating implementation netlist for 'sram'...
INFO:sim - Pre-processing HDL files for 'sram'...
Running synthesis for 'sram'
Running ngcbuild...
Writing VHO instantiation template for 'sram'...
Writing VHDL behavioral simulation model for 'sram'...
WARNING:sim - Overwriting existing file
   D:/study/sogang/18y6s/adca/Project/PCFG_18/DACprove/ipcore_dir/tmp/_cg/sram/d
   oc/blk_mem_gen_v7_3_vinfo.html with file from view xilinx_documentation
Delivered 1 file into directory
D:/study/sogang/18y6s/adca/Project/PCFG_18/DACprove/ipcore_dir/tmp/_cg/sram
Generating ASY schematic symbol...
INFO:sim:949 - Finished generation of ASY schematic symbol.
Generating SYM schematic symbol for 'sram'...
Generating metadata file...
Generating ISE project file for 'sram'...
Generating ISE project...
XCO file found: sram.xco
XMDF file found: sram_xmdf.tcl
Adding
D:/study/sogang/18y6s/adca/Project/PCFG_18/DACprove/ipcore_dir/tmp/_cg/sram.asy
-view all -origin_type imported
Adding
D:/study/sogang/18y6s/adca/Project/PCFG_18/DACprove/ipcore_dir/tmp/_cg/sram.ngc
-view all -origin_type created
Checking file
"D:/study/sogang/18y6s/adca/Project/PCFG_18/DACprove/ipcore_dir/tmp/_cg/sram.ngc
" for project device match ...
File
"D:/study/sogang/18y6s/adca/Project/PCFG_18/DACprove/ipcore_dir/tmp/_cg/sram.ngc
" device information matches project device.
Adding
D:/study/sogang/18y6s/adca/Project/PCFG_18/DACprove/ipcore_dir/tmp/_cg/sram.sym
-view all -origin_type imported
Adding
D:/study/sogang/18y6s/adca/Project/PCFG_18/DACprove/ipcore_dir/tmp/_cg/sram.vhd
-view all -origin_type created
INFO:HDLCompiler:1061 - Parsing VHDL file
   "D:/study/sogang/18y6s/adca/Project/PCFG_18/DACprove/ipcore_dir/tmp/_cg/sram.
   vhd" into library work
INFO:ProjectMgmt - Parsing design hierarchy completed successfully.
Adding
D:/study/sogang/18y6s/adca/Project/PCFG_18/DACprove/ipcore_dir/tmp/_cg/sram.vho
-view all -origin_type imported
INFO:TclTasksC:2116 - The automatic calculation of top has been turned-off.
   Please set the new top explicitly by running the "project set top" command.
   To re-calculate the new top automatically, set the "Auto Implementation Top"
   property to true.
Top level has been set to "/sram"
Generating README file...
Generating FLIST file...
INFO:sim:948 - Finished FLIST file generation.
Launching README viewer...
Moving files to output directory...
Finished moving files to output directory
Wrote CGP file for project 'sram'.
