ISim log file
Running: C:\Users\user1\Documents\xilinx\oxford\tb_pcfg_isim_beh.exe -intstyle ise -gui -tclbatch isim.cmd -wdb C:/Users/user1/Documents/xilinx/oxford/tb_pcfg_isim_beh.wdb 
ISim P.20131013 (signature 0x7708f090)
----------------------------------------------------------------------
INFO:Security:61 - The XILINXD_LICENSE_FILE environment variable is not set.
INFO:Security:63 - The LM_LICENSE_FILE environment variable is not set.
INFO:Security:68 - For more information or for assistance in obtaining 
 a license, please run the Xilinx License Configuration Manager
       (xlcm or "Manage Xilinx Licenses".)
INFO:Security:68a - user is user1, on host CHEOLWHAN.
ERROR:Security:14 - No feature was available for 'ISIM'.

No such feature exists.
Feature:       ISIM
License path:  C:/.Xilinx\Xilinx.lic;E:\Xilinx\14.7\ISE_DS\ISE\/coregen/core_licenses\Xilinx.lic;E:\Xilinx\14.7\ISE_DS\ISE\/coregen/core_licenses\XilinxFree.lic;E:\Xilinx\14.7\ISE_DS\EDK/data/core_licenses\Xilinx.lic;
FLEXnet Licensing error:-5,357
For further information, refer to the FLEXnet Licensing documentation,
available at "www.flexerasoftware.com".
----------------------------------------------------------------------
WARNING: A full ISim License cannot be checked out due to the issues listed above. Please use Xilinx License Configuration Manager to fix these issues in order to check out a full ISim license.
WARNING: ISim will run in Lite mode. Please refer to the ISim documentation for more information on the differences between the Lite and the Full version.
This is a Lite version of ISim.
Time resolution is 1 ps
# onerror resume
# wave add /
# run 300 us
Simulator is doing circuit initialization process.
at 0 ps, Instance /tb_pcfg/uut/clk_gen/CNT0/ : Warning: There is an 'U'|'X'|'W'|'Z'|'-' in an arithmetic operand, the result will be 'X'(es).
Finished circuit initialization process.
at 41062500 ps(2): Note: Block Memory Generator CORE Generator module is using a behavioral model FOR simulation which will not precisely model memory collision behavior. (/tb_pcfg/uut/internal_RAM1/U0/native_mem_module/mem_module/).
ISim P.20131013 (signature 0x7708f090)
----------------------------------------------------------------------
INFO:Security:61 - The XILINXD_LICENSE_FILE environment variable is not set.
INFO:Security:63 - The LM_LICENSE_FILE environment variable is not set.
INFO:Security:68 - For more information or for assistance in obtaining 
 a license, please run the Xilinx License Configuration Manager
       (xlcm or "Manage Xilinx Licenses".)
INFO:Security:68a - user is user1, on host CHEOLWHAN.
ERROR:Security:14 - No feature was available for 'ISIM'.

No such feature exists.
Feature:       ISIM
License path:  C:/.Xilinx\Xilinx.lic;E:\Xilinx\14.7\ISE_DS\ISE\/coregen/core_licenses\Xilinx.lic;E:\Xilinx\14.7\ISE_DS\ISE\/coregen/core_licenses\XilinxFree.lic;E:\Xilinx\14.7\ISE_DS\EDK/data/core_licenses\Xilinx.lic;
FLEXnet Licensing error:-5,357
For further information, refer to the FLEXnet Licensing documentation,
available at "www.flexerasoftware.com".
----------------------------------------------------------------------
WARNING: A full ISim License cannot be checked out due to the issues listed above. Please use Xilinx License Configuration Manager to fix these issues in order to check out a full ISim license.
WARNING: ISim will run in Lite mode. Please refer to the ISim documentation for more information on the differences between the Lite and the Full version.
This is a Lite version of ISim.
# run 300 us
Simulator is doing circuit initialization process.
at 0 ps, Instance /tb_pcfg/uut/clk_gen/CNT0/ : Warning: There is an 'U'|'X'|'W'|'Z'|'-' in an arithmetic operand, the result will be 'X'(es).
Finished circuit initialization process.
at 41062500 ps(2): Note: Block Memory Generator CORE Generator module is using a behavioral model FOR simulation which will not precisely model memory collision behavior. (/tb_pcfg/uut/internal_RAM1/U0/native_mem_module/mem_module/).
ISim P.20131013 (signature 0x7708f090)
----------------------------------------------------------------------
INFO:Security:61 - The XILINXD_LICENSE_FILE environment variable is not set.
INFO:Security:63 - The LM_LICENSE_FILE environment variable is not set.
INFO:Security:68 - For more information or for assistance in obtaining 
 a license, please run the Xilinx License Configuration Manager
       (xlcm or "Manage Xilinx Licenses".)
INFO:Security:68a - user is user1, on host CHEOLWHAN.
ERROR:Security:14 - No feature was available for 'ISIM'.

No such feature exists.
Feature:       ISIM
License path:  C:/.Xilinx\Xilinx.lic;E:\Xilinx\14.7\ISE_DS\ISE\/coregen/core_licenses\Xilinx.lic;E:\Xilinx\14.7\ISE_DS\ISE\/coregen/core_licenses\XilinxFree.lic;E:\Xilinx\14.7\ISE_DS\EDK/data/core_licenses\Xilinx.lic;
FLEXnet Licensing error:-5,357
For further information, refer to the FLEXnet Licensing documentation,
available at "www.flexerasoftware.com".
----------------------------------------------------------------------
WARNING: A full ISim License cannot be checked out due to the issues listed above. Please use Xilinx License Configuration Manager to fix these issues in order to check out a full ISim license.
WARNING: ISim will run in Lite mode. Please refer to the ISim documentation for more information on the differences between the Lite and the Full version.
This is a Lite version of ISim.
# run 300 us
Simulator is doing circuit initialization process.
at 0 ps, Instance /tb_pcfg/uut/clk_gen/CNT0/ : Warning: There is an 'U'|'X'|'W'|'Z'|'-' in an arithmetic operand, the result will be 'X'(es).
Finished circuit initialization process.
at 41062500 ps(2): Note: Block Memory Generator CORE Generator module is using a behavioral model FOR simulation which will not precisely model memory collision behavior. (/tb_pcfg/uut/internal_RAM1/U0/native_mem_module/mem_module/).
at 63612500 ps(2): Note: Block Memory Generator CORE Generator module is using a behavioral model FOR simulation which will not precisely model memory collision behavior. (/tb_pcfg/uut/internal_RAM2/U0/native_mem_module/mem_module/).
ISim P.20131013 (signature 0x7708f090)
----------------------------------------------------------------------
INFO:Security:61 - The XILINXD_LICENSE_FILE environment variable is not set.
INFO:Security:63 - The LM_LICENSE_FILE environment variable is not set.
INFO:Security:68 - For more information or for assistance in obtaining 
 a license, please run the Xilinx License Configuration Manager
       (xlcm or "Manage Xilinx Licenses".)
INFO:Security:68a - user is user1, on host CHEOLWHAN.
ERROR:Security:14 - No feature was available for 'ISIM'.

No such feature exists.
Feature:       ISIM
License path:  C:/.Xilinx\Xilinx.lic;E:\Xilinx\14.7\ISE_DS\ISE\/coregen/core_licenses\Xilinx.lic;E:\Xilinx\14.7\ISE_DS\ISE\/coregen/core_licenses\XilinxFree.lic;E:\Xilinx\14.7\ISE_DS\EDK/data/core_licenses\Xilinx.lic;
FLEXnet Licensing error:-5,357
For further information, refer to the FLEXnet Licensing documentation,
available at "www.flexerasoftware.com".
----------------------------------------------------------------------
WARNING: A full ISim License cannot be checked out due to the issues listed above. Please use Xilinx License Configuration Manager to fix these issues in order to check out a full ISim license.
WARNING: ISim will run in Lite mode. Please refer to the ISim documentation for more information on the differences between the Lite and the Full version.
This is a Lite version of ISim.
# run 300 us
Simulator is doing circuit initialization process.
at 0 ps, Instance /tb_pcfg/uut/clk_gen/CNT0/ : Warning: There is an 'U'|'X'|'W'|'Z'|'-' in an arithmetic operand, the result will be 'X'(es).
Finished circuit initialization process.
at 41062500 ps(2): Note: Block Memory Generator CORE Generator module is using a behavioral model FOR simulation which will not precisely model memory collision behavior. (/tb_pcfg/uut/internal_RAM1/U0/native_mem_module/mem_module/).
at 63612500 ps(2): Note: Block Memory Generator CORE Generator module is using a behavioral model FOR simulation which will not precisely model memory collision behavior. (/tb_pcfg/uut/internal_RAM2/U0/native_mem_module/mem_module/).
ISim P.20131013 (signature 0x7708f090)
----------------------------------------------------------------------
INFO:Security:61 - The XILINXD_LICENSE_FILE environment variable is not set.
INFO:Security:63 - The LM_LICENSE_FILE environment variable is not set.
INFO:Security:68 - For more information or for assistance in obtaining 
 a license, please run the Xilinx License Configuration Manager
       (xlcm or "Manage Xilinx Licenses".)
INFO:Security:68a - user is user1, on host CHEOLWHAN.
ERROR:Security:14 - No feature was available for 'ISIM'.

No such feature exists.
Feature:       ISIM
License path:  C:/.Xilinx\Xilinx.lic;E:\Xilinx\14.7\ISE_DS\ISE\/coregen/core_licenses\Xilinx.lic;E:\Xilinx\14.7\ISE_DS\ISE\/coregen/core_licenses\XilinxFree.lic;E:\Xilinx\14.7\ISE_DS\EDK/data/core_licenses\Xilinx.lic;
FLEXnet Licensing error:-5,357
For further information, refer to the FLEXnet Licensing documentation,
available at "www.flexerasoftware.com".
----------------------------------------------------------------------
WARNING: A full ISim License cannot be checked out due to the issues listed above. Please use Xilinx License Configuration Manager to fix these issues in order to check out a full ISim license.
WARNING: ISim will run in Lite mode. Please refer to the ISim documentation for more information on the differences between the Lite and the Full version.
This is a Lite version of ISim.
# run 300 us
Simulator is doing circuit initialization process.
at 0 ps, Instance /tb_pcfg/uut/clk_gen/CNT0/ : Warning: There is an 'U'|'X'|'W'|'Z'|'-' in an arithmetic operand, the result will be 'X'(es).
Finished circuit initialization process.
at 41062500 ps(2): Note: Block Memory Generator CORE Generator module is using a behavioral model FOR simulation which will not precisely model memory collision behavior. (/tb_pcfg/uut/internal_RAM1/U0/native_mem_module/mem_module/).
at 63612500 ps(2): Note: Block Memory Generator CORE Generator module is using a behavioral model FOR simulation which will not precisely model memory collision behavior. (/tb_pcfg/uut/internal_RAM2/U0/native_mem_module/mem_module/).
at 63612500 ps(2), Instance /tb_pcfg/uut/internal_RAM2/U0/native_mem_module/mem_module/ : Warning: blk_mem_gen_v7_3 WARNING: collision detected: A write address: 00000000000, B read address: 00000000000

ISim P.20131013 (signature 0x7708f090)
----------------------------------------------------------------------
INFO:Security:61 - The XILINXD_LICENSE_FILE environment variable is not set.
INFO:Security:63 - The LM_LICENSE_FILE environment variable is not set.
INFO:Security:68 - For more information or for assistance in obtaining 
 a license, please run the Xilinx License Configuration Manager
       (xlcm or "Manage Xilinx Licenses".)
INFO:Security:68a - user is user1, on host CHEOLWHAN.
ERROR:Security:14 - No feature was available for 'ISIM'.

No such feature exists.
Feature:       ISIM
License path:  C:/.Xilinx\Xilinx.lic;E:\Xilinx\14.7\ISE_DS\ISE\/coregen/core_licenses\Xilinx.lic;E:\Xilinx\14.7\ISE_DS\ISE\/coregen/core_licenses\XilinxFree.lic;E:\Xilinx\14.7\ISE_DS\EDK/data/core_licenses\Xilinx.lic;
FLEXnet Licensing error:-5,357
For further information, refer to the FLEXnet Licensing documentation,
available at "www.flexerasoftware.com".
----------------------------------------------------------------------
WARNING: A full ISim License cannot be checked out due to the issues listed above. Please use Xilinx License Configuration Manager to fix these issues in order to check out a full ISim license.
WARNING: ISim will run in Lite mode. Please refer to the ISim documentation for more information on the differences between the Lite and the Full version.
This is a Lite version of ISim.
# run 300 us
Simulator is doing circuit initialization process.
at 0 ps, Instance /tb_pcfg/uut/clk_gen/CNT0/ : Warning: There is an 'U'|'X'|'W'|'Z'|'-' in an arithmetic operand, the result will be 'X'(es).
Finished circuit initialization process.
at 41062500 ps(2): Note: Block Memory Generator CORE Generator module is using a behavioral model FOR simulation which will not precisely model memory collision behavior. (/tb_pcfg/uut/internal_RAM1/U0/native_mem_module/mem_module/).
at 76212500 ps(2): Note: Block Memory Generator CORE Generator module is using a behavioral model FOR simulation which will not precisely model memory collision behavior. (/tb_pcfg/uut/internal_RAM2/U0/native_mem_module/mem_module/).
at 76212500 ps(2), Instance /tb_pcfg/uut/internal_RAM2/U0/native_mem_module/mem_module/ : Warning: blk_mem_gen_v7_3 WARNING: collision detected: A write address: 00000000000, B read address: 00000000000

ISim P.20131013 (signature 0x7708f090)
----------------------------------------------------------------------
INFO:Security:61 - The XILINXD_LICENSE_FILE environment variable is not set.
INFO:Security:63 - The LM_LICENSE_FILE environment variable is not set.
INFO:Security:68 - For more information or for assistance in obtaining 
 a license, please run the Xilinx License Configuration Manager
       (xlcm or "Manage Xilinx Licenses".)
INFO:Security:68a - user is user1, on host CHEOLWHAN.
ERROR:Security:14 - No feature was available for 'ISIM'.

No such feature exists.
Feature:       ISIM
License path:  C:/.Xilinx\Xilinx.lic;E:\Xilinx\14.7\ISE_DS\ISE\/coregen/core_licenses\Xilinx.lic;E:\Xilinx\14.7\ISE_DS\ISE\/coregen/core_licenses\XilinxFree.lic;E:\Xilinx\14.7\ISE_DS\EDK/data/core_licenses\Xilinx.lic;
FLEXnet Licensing error:-5,357
For further information, refer to the FLEXnet Licensing documentation,
available at "www.flexerasoftware.com".
----------------------------------------------------------------------
WARNING: A full ISim License cannot be checked out due to the issues listed above. Please use Xilinx License Configuration Manager to fix these issues in order to check out a full ISim license.
WARNING: ISim will run in Lite mode. Please refer to the ISim documentation for more information on the differences between the Lite and the Full version.
This is a Lite version of ISim.
# run 300 us
Simulator is doing circuit initialization process.
at 0 ps, Instance /tb_pcfg/uut/clk_gen/CNT0/ : Warning: There is an 'U'|'X'|'W'|'Z'|'-' in an arithmetic operand, the result will be 'X'(es).
Finished circuit initialization process.
at 41062500 ps(2): Note: Block Memory Generator CORE Generator module is using a behavioral model FOR simulation which will not precisely model memory collision behavior. (/tb_pcfg/uut/internal_RAM1/U0/native_mem_module/mem_module/).
at 76212500 ps(2): Note: Block Memory Generator CORE Generator module is using a behavioral model FOR simulation which will not precisely model memory collision behavior. (/tb_pcfg/uut/internal_RAM2/U0/native_mem_module/mem_module/).
at 76212500 ps(2), Instance /tb_pcfg/uut/internal_RAM2/U0/native_mem_module/mem_module/ : Warning: blk_mem_gen_v7_3 WARNING: collision detected: A write address: 00000000000, B read address: 00000000000

ISim P.20131013 (signature 0x7708f090)
----------------------------------------------------------------------
INFO:Security:61 - The XILINXD_LICENSE_FILE environment variable is not set.
INFO:Security:63 - The LM_LICENSE_FILE environment variable is not set.
INFO:Security:68 - For more information or for assistance in obtaining 
 a license, please run the Xilinx License Configuration Manager
       (xlcm or "Manage Xilinx Licenses".)
INFO:Security:68a - user is user1, on host CHEOLWHAN.
ERROR:Security:14 - No feature was available for 'ISIM'.

No such feature exists.
Feature:       ISIM
License path:  C:/.Xilinx\Xilinx.lic;E:\Xilinx\14.7\ISE_DS\ISE\/coregen/core_licenses\Xilinx.lic;E:\Xilinx\14.7\ISE_DS\ISE\/coregen/core_licenses\XilinxFree.lic;E:\Xilinx\14.7\ISE_DS\EDK/data/core_licenses\Xilinx.lic;
FLEXnet Licensing error:-5,357
For further information, refer to the FLEXnet Licensing documentation,
available at "www.flexerasoftware.com".
----------------------------------------------------------------------
WARNING: A full ISim License cannot be checked out due to the issues listed above. Please use Xilinx License Configuration Manager to fix these issues in order to check out a full ISim license.
WARNING: ISim will run in Lite mode. Please refer to the ISim documentation for more information on the differences between the Lite and the Full version.
This is a Lite version of ISim.
# run 300 us
Simulator is doing circuit initialization process.
at 0 ps, Instance /tb_pcfg/uut/clk_gen/CNT0/ : Warning: There is an 'U'|'X'|'W'|'Z'|'-' in an arithmetic operand, the result will be 'X'(es).
Finished circuit initialization process.
at 41062500 ps(2): Note: Block Memory Generator CORE Generator module is using a behavioral model FOR simulation which will not precisely model memory collision behavior. (/tb_pcfg/uut/internal_RAM1/U0/native_mem_module/mem_module/).
at 76212500 ps(2): Note: Block Memory Generator CORE Generator module is using a behavioral model FOR simulation which will not precisely model memory collision behavior. (/tb_pcfg/uut/internal_RAM2/U0/native_mem_module/mem_module/).
at 76212500 ps(2), Instance /tb_pcfg/uut/internal_RAM2/U0/native_mem_module/mem_module/ : Warning: blk_mem_gen_v7_3 WARNING: collision detected: A write address: 00000000000, B read address: 00000000000

ISim P.20131013 (signature 0x7708f090)
----------------------------------------------------------------------
INFO:Security:61 - The XILINXD_LICENSE_FILE environment variable is not set.
INFO:Security:63 - The LM_LICENSE_FILE environment variable is not set.
INFO:Security:68 - For more information or for assistance in obtaining 
 a license, please run the Xilinx License Configuration Manager
       (xlcm or "Manage Xilinx Licenses".)
INFO:Security:68a - user is user1, on host CHEOLWHAN.
ERROR:Security:14 - No feature was available for 'ISIM'.

No such feature exists.
Feature:       ISIM
License path:  C:/.Xilinx\Xilinx.lic;E:\Xilinx\14.7\ISE_DS\ISE\/coregen/core_licenses\Xilinx.lic;E:\Xilinx\14.7\ISE_DS\ISE\/coregen/core_licenses\XilinxFree.lic;E:\Xilinx\14.7\ISE_DS\EDK/data/core_licenses\Xilinx.lic;
FLEXnet Licensing error:-5,357
For further information, refer to the FLEXnet Licensing documentation,
available at "www.flexerasoftware.com".
----------------------------------------------------------------------
WARNING: A full ISim License cannot be checked out due to the issues listed above. Please use Xilinx License Configuration Manager to fix these issues in order to check out a full ISim license.
WARNING: ISim will run in Lite mode. Please refer to the ISim documentation for more information on the differences between the Lite and the Full version.
This is a Lite version of ISim.
# run 300 us
Simulator is doing circuit initialization process.
at 0 ps, Instance /tb_pcfg/uut/clk_gen/CNT0/ : Warning: There is an 'U'|'X'|'W'|'Z'|'-' in an arithmetic operand, the result will be 'X'(es).
Finished circuit initialization process.
at 41062500 ps(2): Note: Block Memory Generator CORE Generator module is using a behavioral model FOR simulation which will not precisely model memory collision behavior. (/tb_pcfg/uut/internal_RAM1/U0/native_mem_module/mem_module/).
at 76212500 ps(2): Note: Block Memory Generator CORE Generator module is using a behavioral model FOR simulation which will not precisely model memory collision behavior. (/tb_pcfg/uut/internal_RAM2/U0/native_mem_module/mem_module/).
at 76212500 ps(2), Instance /tb_pcfg/uut/internal_RAM2/U0/native_mem_module/mem_module/ : Warning: blk_mem_gen_v7_3 WARNING: collision detected: A write address: 00000000000, B read address: 00000000000

ISim P.20131013 (signature 0x7708f090)
----------------------------------------------------------------------
INFO:Security:61 - The XILINXD_LICENSE_FILE environment variable is not set.
INFO:Security:63 - The LM_LICENSE_FILE environment variable is not set.
INFO:Security:68 - For more information or for assistance in obtaining 
 a license, please run the Xilinx License Configuration Manager
       (xlcm or "Manage Xilinx Licenses".)
INFO:Security:68a - user is user1, on host CHEOLWHAN.
ERROR:Security:14 - No feature was available for 'ISIM'.

No such feature exists.
Feature:       ISIM
License path:  C:/.Xilinx\Xilinx.lic;E:\Xilinx\14.7\ISE_DS\ISE\/coregen/core_licenses\Xilinx.lic;E:\Xilinx\14.7\ISE_DS\ISE\/coregen/core_licenses\XilinxFree.lic;E:\Xilinx\14.7\ISE_DS\EDK/data/core_licenses\Xilinx.lic;
FLEXnet Licensing error:-5,357
For further information, refer to the FLEXnet Licensing documentation,
available at "www.flexerasoftware.com".
----------------------------------------------------------------------
WARNING: A full ISim License cannot be checked out due to the issues listed above. Please use Xilinx License Configuration Manager to fix these issues in order to check out a full ISim license.
WARNING: ISim will run in Lite mode. Please refer to the ISim documentation for more information on the differences between the Lite and the Full version.
This is a Lite version of ISim.
# run 300 us
Simulator is doing circuit initialization process.
at 0 ps, Instance /tb_pcfg/uut/clk_gen/CNT0/ : Warning: There is an 'U'|'X'|'W'|'Z'|'-' in an arithmetic operand, the result will be 'X'(es).
Finished circuit initialization process.
at 41062500 ps(2): Note: Block Memory Generator CORE Generator module is using a behavioral model FOR simulation which will not precisely model memory collision behavior. (/tb_pcfg/uut/internal_RAM0/U0/native_mem_module/mem_module/).
ISim P.20131013 (signature 0x7708f090)
----------------------------------------------------------------------
INFO:Security:61 - The XILINXD_LICENSE_FILE environment variable is not set.
INFO:Security:63 - The LM_LICENSE_FILE environment variable is not set.
INFO:Security:68 - For more information or for assistance in obtaining 
 a license, please run the Xilinx License Configuration Manager
       (xlcm or "Manage Xilinx Licenses".)
INFO:Security:68a - user is user1, on host CHEOLWHAN.
ERROR:Security:14 - No feature was available for 'ISIM'.

No such feature exists.
Feature:       ISIM
License path:  C:/.Xilinx\Xilinx.lic;E:\Xilinx\14.7\ISE_DS\ISE\/coregen/core_licenses\Xilinx.lic;E:\Xilinx\14.7\ISE_DS\ISE\/coregen/core_licenses\XilinxFree.lic;E:\Xilinx\14.7\ISE_DS\EDK/data/core_licenses\Xilinx.lic;
FLEXnet Licensing error:-5,357
For further information, refer to the FLEXnet Licensing documentation,
available at "www.flexerasoftware.com".
----------------------------------------------------------------------
WARNING: A full ISim License cannot be checked out due to the issues listed above. Please use Xilinx License Configuration Manager to fix these issues in order to check out a full ISim license.
WARNING: ISim will run in Lite mode. Please refer to the ISim documentation for more information on the differences between the Lite and the Full version.
This is a Lite version of ISim.
# run 300 us
Simulator is doing circuit initialization process.
at 0 ps, Instance /tb_pcfg/uut/clk_gen/CNT0/ : Warning: There is an 'U'|'X'|'W'|'Z'|'-' in an arithmetic operand, the result will be 'X'(es).
Finished circuit initialization process.
at 41062500 ps(2): Note: Block Memory Generator CORE Generator module is using a behavioral model FOR simulation which will not precisely model memory collision behavior. (/tb_pcfg/uut/internal_RAM0/U0/native_mem_module/mem_module/).
ISim P.20131013 (signature 0x7708f090)
----------------------------------------------------------------------
INFO:Security:61 - The XILINXD_LICENSE_FILE environment variable is not set.
INFO:Security:63 - The LM_LICENSE_FILE environment variable is not set.
INFO:Security:68 - For more information or for assistance in obtaining 
 a license, please run the Xilinx License Configuration Manager
       (xlcm or "Manage Xilinx Licenses".)
INFO:Security:68a - user is user1, on host CHEOLWHAN.
ERROR:Security:14 - No feature was available for 'ISIM'.

No such feature exists.
Feature:       ISIM
License path:  C:/.Xilinx\Xilinx.lic;E:\Xilinx\14.7\ISE_DS\ISE\/coregen/core_licenses\Xilinx.lic;E:\Xilinx\14.7\ISE_DS\ISE\/coregen/core_licenses\XilinxFree.lic;E:\Xilinx\14.7\ISE_DS\EDK/data/core_licenses\Xilinx.lic;
FLEXnet Licensing error:-5,357
For further information, refer to the FLEXnet Licensing documentation,
available at "www.flexerasoftware.com".
----------------------------------------------------------------------
WARNING: A full ISim License cannot be checked out due to the issues listed above. Please use Xilinx License Configuration Manager to fix these issues in order to check out a full ISim license.
WARNING: ISim will run in Lite mode. Please refer to the ISim documentation for more information on the differences between the Lite and the Full version.
This is a Lite version of ISim.
# run 300 us
Simulator is doing circuit initialization process.
at 0 ps, Instance /tb_pcfg/uut/clk_gen/CNT0/ : Warning: There is an 'U'|'X'|'W'|'Z'|'-' in an arithmetic operand, the result will be 'X'(es).
Finished circuit initialization process.
at 41062500 ps(2): Note: Block Memory Generator CORE Generator module is using a behavioral model FOR simulation which will not precisely model memory collision behavior. (/tb_pcfg/uut/internal_RAM0/U0/native_mem_module/mem_module/).
ISim P.20131013 (signature 0x7708f090)
----------------------------------------------------------------------
INFO:Security:61 - The XILINXD_LICENSE_FILE environment variable is not set.
INFO:Security:63 - The LM_LICENSE_FILE environment variable is not set.
INFO:Security:68 - For more information or for assistance in obtaining 
 a license, please run the Xilinx License Configuration Manager
       (xlcm or "Manage Xilinx Licenses".)
INFO:Security:68a - user is user1, on host CHEOLWHAN.
ERROR:Security:14 - No feature was available for 'ISIM'.

No such feature exists.
Feature:       ISIM
License path:  C:/.Xilinx\Xilinx.lic;E:\Xilinx\14.7\ISE_DS\ISE\/coregen/core_licenses\Xilinx.lic;E:\Xilinx\14.7\ISE_DS\ISE\/coregen/core_licenses\XilinxFree.lic;E:\Xilinx\14.7\ISE_DS\EDK/data/core_licenses\Xilinx.lic;
FLEXnet Licensing error:-5,357
For further information, refer to the FLEXnet Licensing documentation,
available at "www.flexerasoftware.com".
----------------------------------------------------------------------
WARNING: A full ISim License cannot be checked out due to the issues listed above. Please use Xilinx License Configuration Manager to fix these issues in order to check out a full ISim license.
WARNING: ISim will run in Lite mode. Please refer to the ISim documentation for more information on the differences between the Lite and the Full version.
This is a Lite version of ISim.
# run 300 us
Simulator is doing circuit initialization process.
at 0 ps, Instance /tb_pcfg/uut/clk_gen/CNT0/ : Warning: There is an 'U'|'X'|'W'|'Z'|'-' in an arithmetic operand, the result will be 'X'(es).
Finished circuit initialization process.
at 41062500 ps(2): Note: Block Memory Generator CORE Generator module is using a behavioral model FOR simulation which will not precisely model memory collision behavior. (/tb_pcfg/uut/internal_RAM0/U0/native_mem_module/mem_module/).
ISim P.20131013 (signature 0x7708f090)
----------------------------------------------------------------------
INFO:Security:61 - The XILINXD_LICENSE_FILE environment variable is not set.
INFO:Security:63 - The LM_LICENSE_FILE environment variable is not set.
INFO:Security:68 - For more information or for assistance in obtaining 
 a license, please run the Xilinx License Configuration Manager
       (xlcm or "Manage Xilinx Licenses".)
INFO:Security:68a - user is user1, on host CHEOLWHAN.
ERROR:Security:14 - No feature was available for 'ISIM'.

No such feature exists.
Feature:       ISIM
License path:  C:/.Xilinx\Xilinx.lic;E:\Xilinx\14.7\ISE_DS\ISE\/coregen/core_licenses\Xilinx.lic;E:\Xilinx\14.7\ISE_DS\ISE\/coregen/core_licenses\XilinxFree.lic;E:\Xilinx\14.7\ISE_DS\EDK/data/core_licenses\Xilinx.lic;
FLEXnet Licensing error:-5,357
For further information, refer to the FLEXnet Licensing documentation,
available at "www.flexerasoftware.com".
----------------------------------------------------------------------
WARNING: A full ISim License cannot be checked out due to the issues listed above. Please use Xilinx License Configuration Manager to fix these issues in order to check out a full ISim license.
WARNING: ISim will run in Lite mode. Please refer to the ISim documentation for more information on the differences between the Lite and the Full version.
This is a Lite version of ISim.
# run 300 us
Simulator is doing circuit initialization process.
at 0 ps, Instance /tb_pcfg/uut/clk_gen/CNT0/ : Warning: There is an 'U'|'X'|'W'|'Z'|'-' in an arithmetic operand, the result will be 'X'(es).
Finished circuit initialization process.
at 41062500 ps(2): Note: Block Memory Generator CORE Generator module is using a behavioral model FOR simulation which will not precisely model memory collision behavior. (/tb_pcfg/uut/internal_RAM0/U0/native_mem_module/mem_module/).
ISim P.20131013 (signature 0x7708f090)
----------------------------------------------------------------------
INFO:Security:61 - The XILINXD_LICENSE_FILE environment variable is not set.
INFO:Security:63 - The LM_LICENSE_FILE environment variable is not set.
INFO:Security:68 - For more information or for assistance in obtaining 
 a license, please run the Xilinx License Configuration Manager
       (xlcm or "Manage Xilinx Licenses".)
INFO:Security:68a - user is user1, on host CHEOLWHAN.
ERROR:Security:14 - No feature was available for 'ISIM'.

No such feature exists.
Feature:       ISIM
License path:  C:/.Xilinx\Xilinx.lic;E:\Xilinx\14.7\ISE_DS\ISE\/coregen/core_licenses\Xilinx.lic;E:\Xilinx\14.7\ISE_DS\ISE\/coregen/core_licenses\XilinxFree.lic;E:\Xilinx\14.7\ISE_DS\EDK/data/core_licenses\Xilinx.lic;
FLEXnet Licensing error:-5,357
For further information, refer to the FLEXnet Licensing documentation,
available at "www.flexerasoftware.com".
----------------------------------------------------------------------
WARNING: A full ISim License cannot be checked out due to the issues listed above. Please use Xilinx License Configuration Manager to fix these issues in order to check out a full ISim license.
WARNING: ISim will run in Lite mode. Please refer to the ISim documentation for more information on the differences between the Lite and the Full version.
This is a Lite version of ISim.
# run 300 us
Simulator is doing circuit initialization process.
at 0 ps, Instance /tb_pcfg/uut/clk_gen/CNT0/ : Warning: There is an 'U'|'X'|'W'|'Z'|'-' in an arithmetic operand, the result will be 'X'(es).
Finished circuit initialization process.
at 41062500 ps(2): Note: Block Memory Generator CORE Generator module is using a behavioral model FOR simulation which will not precisely model memory collision behavior. (/tb_pcfg/uut/internal_RAM0/U0/native_mem_module/mem_module/).
at 77262500 ps(2): Note: Block Memory Generator CORE Generator module is using a behavioral model FOR simulation which will not precisely model memory collision behavior. (/tb_pcfg/uut/internal_RAM1/U0/native_mem_module/mem_module/).
ISim P.20131013 (signature 0x7708f090)
----------------------------------------------------------------------
INFO:Security:61 - The XILINXD_LICENSE_FILE environment variable is not set.
INFO:Security:63 - The LM_LICENSE_FILE environment variable is not set.
INFO:Security:68 - For more information or for assistance in obtaining 
 a license, please run the Xilinx License Configuration Manager
       (xlcm or "Manage Xilinx Licenses".)
INFO:Security:68a - user is user1, on host CHEOLWHAN.
ERROR:Security:14 - No feature was available for 'ISIM'.

No such feature exists.
Feature:       ISIM
License path:  C:/.Xilinx\Xilinx.lic;E:\Xilinx\14.7\ISE_DS\ISE\/coregen/core_licenses\Xilinx.lic;E:\Xilinx\14.7\ISE_DS\ISE\/coregen/core_licenses\XilinxFree.lic;E:\Xilinx\14.7\ISE_DS\EDK/data/core_licenses\Xilinx.lic;
FLEXnet Licensing error:-5,357
For further information, refer to the FLEXnet Licensing documentation,
available at "www.flexerasoftware.com".
----------------------------------------------------------------------
WARNING: A full ISim License cannot be checked out due to the issues listed above. Please use Xilinx License Configuration Manager to fix these issues in order to check out a full ISim license.
WARNING: ISim will run in Lite mode. Please refer to the ISim documentation for more information on the differences between the Lite and the Full version.
This is a Lite version of ISim.
# run 300 us
Simulator is doing circuit initialization process.
at 0 ps, Instance /tb_pcfg/uut/clk_gen/CNT0/ : Warning: There is an 'U'|'X'|'W'|'Z'|'-' in an arithmetic operand, the result will be 'X'(es).
Finished circuit initialization process.
at 41062500 ps(2): Note: Block Memory Generator CORE Generator module is using a behavioral model FOR simulation which will not precisely model memory collision behavior. (/tb_pcfg/uut/internal_RAM0/U0/native_mem_module/mem_module/).
at 77262500 ps(2): Note: Block Memory Generator CORE Generator module is using a behavioral model FOR simulation which will not precisely model memory collision behavior. (/tb_pcfg/uut/internal_RAM1/U0/native_mem_module/mem_module/).
ISim P.20131013 (signature 0x7708f090)
----------------------------------------------------------------------
INFO:Security:61 - The XILINXD_LICENSE_FILE environment variable is not set.
INFO:Security:63 - The LM_LICENSE_FILE environment variable is not set.
INFO:Security:68 - For more information or for assistance in obtaining 
 a license, please run the Xilinx License Configuration Manager
       (xlcm or "Manage Xilinx Licenses".)
INFO:Security:68a - user is user1, on host CHEOLWHAN.
ERROR:Security:14 - No feature was available for 'ISIM'.

No such feature exists.
Feature:       ISIM
License path:  C:/.Xilinx\Xilinx.lic;E:\Xilinx\14.7\ISE_DS\ISE\/coregen/core_licenses\Xilinx.lic;E:\Xilinx\14.7\ISE_DS\ISE\/coregen/core_licenses\XilinxFree.lic;E:\Xilinx\14.7\ISE_DS\EDK/data/core_licenses\Xilinx.lic;
FLEXnet Licensing error:-5,357
For further information, refer to the FLEXnet Licensing documentation,
available at "www.flexerasoftware.com".
----------------------------------------------------------------------
WARNING: A full ISim License cannot be checked out due to the issues listed above. Please use Xilinx License Configuration Manager to fix these issues in order to check out a full ISim license.
WARNING: ISim will run in Lite mode. Please refer to the ISim documentation for more information on the differences between the Lite and the Full version.
This is a Lite version of ISim.
# run 300 us
Simulator is doing circuit initialization process.
at 0 ps, Instance /tb_pcfg/uut/clk_gen/CNT0/ : Warning: There is an 'U'|'X'|'W'|'Z'|'-' in an arithmetic operand, the result will be 'X'(es).
Finished circuit initialization process.
at 41062500 ps(2): Note: Block Memory Generator CORE Generator module is using a behavioral model FOR simulation which will not precisely model memory collision behavior. (/tb_pcfg/uut/internal_RAM0/U0/native_mem_module/mem_module/).
at 77262500 ps(2): Note: Block Memory Generator CORE Generator module is using a behavioral model FOR simulation which will not precisely model memory collision behavior. (/tb_pcfg/uut/internal_RAM1/U0/native_mem_module/mem_module/).
ISim P.20131013 (signature 0x7708f090)
----------------------------------------------------------------------
INFO:Security:61 - The XILINXD_LICENSE_FILE environment variable is not set.
INFO:Security:63 - The LM_LICENSE_FILE environment variable is not set.
INFO:Security:68 - For more information or for assistance in obtaining 
 a license, please run the Xilinx License Configuration Manager
       (xlcm or "Manage Xilinx Licenses".)
INFO:Security:68a - user is user1, on host CHEOLWHAN.
ERROR:Security:14 - No feature was available for 'ISIM'.

No such feature exists.
Feature:       ISIM
License path:  C:/.Xilinx\Xilinx.lic;E:\Xilinx\14.7\ISE_DS\ISE\/coregen/core_licenses\Xilinx.lic;E:\Xilinx\14.7\ISE_DS\ISE\/coregen/core_licenses\XilinxFree.lic;E:\Xilinx\14.7\ISE_DS\EDK/data/core_licenses\Xilinx.lic;
FLEXnet Licensing error:-5,357
For further information, refer to the FLEXnet Licensing documentation,
available at "www.flexerasoftware.com".
----------------------------------------------------------------------
WARNING: A full ISim License cannot be checked out due to the issues listed above. Please use Xilinx License Configuration Manager to fix these issues in order to check out a full ISim license.
WARNING: ISim will run in Lite mode. Please refer to the ISim documentation for more information on the differences between the Lite and the Full version.
This is a Lite version of ISim.
# run 300 us
Simulator is doing circuit initialization process.
at 0 ps, Instance /tb_pcfg/uut/clk_gen/CNT0/ : Warning: There is an 'U'|'X'|'W'|'Z'|'-' in an arithmetic operand, the result will be 'X'(es).
Finished circuit initialization process.
at 41062500 ps(2): Note: Block Memory Generator CORE Generator module is using a behavioral model FOR simulation which will not precisely model memory collision behavior. (/tb_pcfg/uut/internal_RAM0/U0/native_mem_module/mem_module/).
at 77262500 ps(2): Note: Block Memory Generator CORE Generator module is using a behavioral model FOR simulation which will not precisely model memory collision behavior. (/tb_pcfg/uut/internal_RAM1/U0/native_mem_module/mem_module/).
