Release 14.7 - xst P.20131013 (nt64)
Copyright (c) 1995-2013 Xilinx, Inc.  All rights reserved.
--> Parameter TMPDIR set to xst/projnav.tmp


Total REAL time to Xst completion: 0.00 secs
Total CPU time to Xst completion: 0.18 secs
 
--> Parameter xsthdpdir set to xst


Total REAL time to Xst completion: 0.00 secs
Total CPU time to Xst completion: 0.18 secs
 
--> Reading design: PCFG_TOP.prj

TABLE OF CONTENTS
  1) Synthesis Options Summary
  2) HDL Compilation
  3) Design Hierarchy Analysis
  4) HDL Analysis
  5) HDL Synthesis
     5.1) HDL Synthesis Report
  6) Advanced HDL Synthesis
     6.1) Advanced HDL Synthesis Report
  7) Low Level Synthesis
  8) Partition Report
  9) Final Report
	9.1) Device utilization summary
	9.2) Partition Resource Summary
	9.3) TIMING REPORT


=========================================================================
*                      Synthesis Options Summary                        *
=========================================================================
---- Source Parameters
Input File Name                    : "PCFG_TOP.prj"
Input Format                       : mixed
Ignore Synthesis Constraint File   : NO

---- Target Parameters
Output File Name                   : "PCFG_TOP"
Output Format                      : NGC
Target Device                      : xc3s5000-4-fg900

---- Source Options
Top Module Name                    : PCFG_TOP
Automatic FSM Extraction           : YES
FSM Encoding Algorithm             : Auto
Safe Implementation                : No
FSM Style                          : LUT
RAM Extraction                     : Yes
RAM Style                          : Auto
ROM Extraction                     : Yes
Mux Style                          : Auto
Decoder Extraction                 : YES
Priority Encoder Extraction        : Yes
Shift Register Extraction          : YES
Logical Shifter Extraction         : YES
XOR Collapsing                     : YES
ROM Style                          : Auto
Mux Extraction                     : Yes
Resource Sharing                   : YES
Asynchronous To Synchronous        : NO
Multiplier Style                   : Auto
Automatic Register Balancing       : No

---- Target Options
Add IO Buffers                     : YES
Global Maximum Fanout              : 100000
Add Generic Clock Buffer(BUFG)     : 8
Register Duplication               : YES
Slice Packing                      : YES
Optimize Instantiated Primitives   : NO
Use Clock Enable                   : Yes
Use Synchronous Set                : Yes
Use Synchronous Reset              : Yes
Pack IO Registers into IOBs        : Auto
Equivalent register Removal        : YES

---- General Options
Optimization Goal                  : Speed
Optimization Effort                : 1
Keep Hierarchy                     : No
Netlist Hierarchy                  : As_Optimized
RTL Output                         : Yes
Global Optimization                : AllClockNets
Read Cores                         : YES
Write Timing Constraints           : NO
Cross Clock Analysis               : NO
Hierarchy Separator                : /
Bus Delimiter                      : <>
Case Specifier                     : Maintain
Slice Utilization Ratio            : 100
BRAM Utilization Ratio             : 100
Verilog 2001                       : YES
Auto BRAM Packing                  : NO
Slice Utilization Ratio Delta      : 5

---- Other Options
Cores Search Directories           : {"ipcore_dir"  }

=========================================================================


=========================================================================
*                          HDL Compilation                              *
=========================================================================
Compiling vhdl file "C:/KDH/Doc/18y6s/adca/PCFG/PCFG_18/mainProject/vhdl/CompSub.vhd" in Library work.
Architecture behavioral of Entity compsub is up to date.
Compiling vhdl file "C:/KDH/Doc/18y6s/adca/PCFG/PCFG_18/mainProject/vhdl/remcontroller.vhd" in Library work.
Architecture behavioral of Entity remcontroller is up to date.
Compiling vhdl file "C:/KDH/Doc/18y6s/adca/PCFG/PCFG_18/mainProject/vhdl/DACcnt.vhd" in Library work.
Architecture behavioral of Entity daccnt is up to date.
Compiling vhdl file "C:/KDH/Doc/18y6s/adca/PCFG/PCFG_18/mainProject/vhdl/ADCcnt.vhd" in Library work.
Architecture behavioral of Entity adccnt is up to date.
Compiling vhdl file "C:/KDH/Doc/18y6s/adca/PCFG/PCFG_18/mainProject/vhdl/tw_8254_cnt.vhd" in Library work.
Architecture behavioral of Entity tw_8254_cnt is up to date.
Compiling vhdl file "C:/KDH/Doc/18y6s/adca/PCFG/PCFG_18/mainProject/vhdl/top_8254.vhd" in Library work.
Architecture behavioral of Entity top_8254 is up to date.
Compiling vhdl file "C:/KDH/Doc/18y6s/adca/PCFG/PCFG_18/mainProject/vhdl/address_decoder.vhd" in Library work.
Architecture behavioral of Entity address_decoder is up to date.
Compiling vhdl file "C:/KDH/Doc/18y6s/adca/PCFG/PCFG_18/mainProject/vhdl/signal_controller.vhd" in Library work.
Entity <signal_controller> compiled.
ERROR:HDLParsers:1202 - "C:/KDH/Doc/18y6s/adca/PCFG/PCFG_18/mainProject/vhdl/signal_controller.vhd" Line 99. Redeclaration of symbol s_ad_ram_addra.
ERROR:HDLParsers:1202 - "C:/KDH/Doc/18y6s/adca/PCFG/PCFG_18/mainProject/vhdl/signal_controller.vhd" Line 100. Redeclaration of symbol s_ad_ram_addrb.
ERROR:HDLParsers:1202 - "C:/KDH/Doc/18y6s/adca/PCFG/PCFG_18/mainProject/vhdl/signal_controller.vhd" Line 101. Redeclaration of symbol s_da_ram_addra.
ERROR:HDLParsers:1202 - "C:/KDH/Doc/18y6s/adca/PCFG/PCFG_18/mainProject/vhdl/signal_controller.vhd" Line 102. Redeclaration of symbol s_da_ram_addrb.
ERROR:HDLParsers:1202 - "C:/KDH/Doc/18y6s/adca/PCFG/PCFG_18/mainProject/vhdl/signal_controller.vhd" Line 151. Redeclaration of symbol s_enb2.
--> 

Total memory usage is 4549412 kilobytes

Number of errors   :    5 (   0 filtered)
Number of warnings :    0 (   0 filtered)
Number of infos    :    0 (   0 filtered)

