ISim log file
Running: C:\Users\user1\Desktop\asdf2\mainProject\tb_pcfg_isim_beh.exe -intstyle ise -gui -tclbatch isim.cmd -wdb C:/Users/user1/Desktop/asdf2/mainProject/tb_pcfg_isim_beh.wdb 
ISim P.20131013 (signature 0x7708f090)
----------------------------------------------------------------------
INFO:Security:61 - The XILINXD_LICENSE_FILE environment variable is not set.
INFO:Security:63 - The LM_LICENSE_FILE environment variable is not set.
INFO:Security:68 - For more information or for assistance in obtaining 
 a license, please run the Xilinx License Configuration Manager
       (xlcm or "Manage Xilinx Licenses".)
INFO:Security:68a - user is user1, on host CHEOLWHAN.
ERROR:Security:14 - No feature was available for 'ISIM'.

No such feature exists.
Feature:       ISIM
License path:  C:/.Xilinx\Xilinx.lic;E:\Xilinx\14.7\ISE_DS\ISE\/coregen/core_licenses\Xilinx.lic;E:\Xilinx\14.7\ISE_DS\ISE\/coregen/core_licenses\XilinxFree.lic;E:\Xilinx\14.7\ISE_DS\EDK/data/core_licenses\Xilinx.lic;
FLEXnet Licensing error:-5,357
For further information, refer to the FLEXnet Licensing documentation,
available at "www.flexerasoftware.com".
----------------------------------------------------------------------
WARNING: A full ISim License cannot be checked out due to the issues listed above. Please use Xilinx License Configuration Manager to fix these issues in order to check out a full ISim license.
WARNING: ISim will run in Lite mode. Please refer to the ISim documentation for more information on the differences between the Lite and the Full version.
This is a Lite version of ISim.
Time resolution is 1 ps
# onerror resume
# wave add /
# run 150us
Simulator is doing circuit initialization process.
at 0 ps, Instance /tb_pcfg/uut/clk_gen/CNT0/ : Warning: There is an 'U'|'X'|'W'|'Z'|'-' in an arithmetic operand, the result will be 'X'(es).
Finished circuit initialization process.
at 37500 ps(2): Note: Block Memory Generator CORE Generator module is using a behavioral model FOR simulation which will not precisely model memory collision behavior. (/tb_pcfg/uut/internal_RAM3/U0/native_mem_module/mem_module/).
at 70962500 ps(2), Instance /tb_pcfg/uut/internal_RAM3/U0/native_mem_module/mem_module/ : Warning: CONV_INTEGER: There is an 'U'|'X'|'W'|'Z'|'-' in an arithmetic operand, and it has been converted to 0.
at 70962500 ps(2), Instance /tb_pcfg/uut/internal_RAM3/U0/native_mem_module/mem_module/ : Warning: CONV_INTEGER: There is an 'U'|'X'|'W'|'Z'|'-' in an arithmetic operand, and it has been converted to 0.
at 71012500 ps(2): Note: Block Memory Generator CORE Generator module is using a behavioral model FOR simulation which will not precisely model memory collision behavior. (/tb_pcfg/uut/internal_RAM0/U0/native_mem_module/mem_module/).
ISim P.20131013 (signature 0x7708f090)
----------------------------------------------------------------------
INFO:Security:61 - The XILINXD_LICENSE_FILE environment variable is not set.
INFO:Security:63 - The LM_LICENSE_FILE environment variable is not set.
INFO:Security:68 - For more information or for assistance in obtaining 
 a license, please run the Xilinx License Configuration Manager
       (xlcm or "Manage Xilinx Licenses".)
INFO:Security:68a - user is user1, on host CHEOLWHAN.
ERROR:Security:14 - No feature was available for 'ISIM'.

No such feature exists.
Feature:       ISIM
License path:  C:/.Xilinx\Xilinx.lic;E:\Xilinx\14.7\ISE_DS\ISE\/coregen/core_licenses\Xilinx.lic;E:\Xilinx\14.7\ISE_DS\ISE\/coregen/core_licenses\XilinxFree.lic;E:\Xilinx\14.7\ISE_DS\EDK/data/core_licenses\Xilinx.lic;
FLEXnet Licensing error:-5,357
For further information, refer to the FLEXnet Licensing documentation,
available at "www.flexerasoftware.com".
----------------------------------------------------------------------
WARNING: A full ISim License cannot be checked out due to the issues listed above. Please use Xilinx License Configuration Manager to fix these issues in order to check out a full ISim license.
WARNING: ISim will run in Lite mode. Please refer to the ISim documentation for more information on the differences between the Lite and the Full version.
This is a Lite version of ISim.
# run 150us
Simulator is doing circuit initialization process.
at 0 ps, Instance /tb_pcfg/uut/clk_gen/CNT0/ : Warning: There is an 'U'|'X'|'W'|'Z'|'-' in an arithmetic operand, the result will be 'X'(es).
Finished circuit initialization process.
at 37500 ps(2): Note: Block Memory Generator CORE Generator module is using a behavioral model FOR simulation which will not precisely model memory collision behavior. (/tb_pcfg/uut/internal_RAM3/U0/native_mem_module/mem_module/).
at 70962500 ps(2), Instance /tb_pcfg/uut/internal_RAM3/U0/native_mem_module/mem_module/ : Warning: CONV_INTEGER: There is an 'U'|'X'|'W'|'Z'|'-' in an arithmetic operand, and it has been converted to 0.
at 70962500 ps(2), Instance /tb_pcfg/uut/internal_RAM3/U0/native_mem_module/mem_module/ : Warning: CONV_INTEGER: There is an 'U'|'X'|'W'|'Z'|'-' in an arithmetic operand, and it has been converted to 0.
at 71012500 ps(2): Note: Block Memory Generator CORE Generator module is using a behavioral model FOR simulation which will not precisely model memory collision behavior. (/tb_pcfg/uut/internal_RAM0/U0/native_mem_module/mem_module/).
ISim P.20131013 (signature 0x7708f090)
----------------------------------------------------------------------
INFO:Security:61 - The XILINXD_LICENSE_FILE environment variable is not set.
INFO:Security:63 - The LM_LICENSE_FILE environment variable is not set.
INFO:Security:68 - For more information or for assistance in obtaining 
 a license, please run the Xilinx License Configuration Manager
       (xlcm or "Manage Xilinx Licenses".)
INFO:Security:68a - user is user1, on host CHEOLWHAN.
ERROR:Security:14 - No feature was available for 'ISIM'.

No such feature exists.
Feature:       ISIM
License path:  C:/.Xilinx\Xilinx.lic;E:\Xilinx\14.7\ISE_DS\ISE\/coregen/core_licenses\Xilinx.lic;E:\Xilinx\14.7\ISE_DS\ISE\/coregen/core_licenses\XilinxFree.lic;E:\Xilinx\14.7\ISE_DS\EDK/data/core_licenses\Xilinx.lic;
FLEXnet Licensing error:-5,357
For further information, refer to the FLEXnet Licensing documentation,
available at "www.flexerasoftware.com".
----------------------------------------------------------------------
WARNING: A full ISim License cannot be checked out due to the issues listed above. Please use Xilinx License Configuration Manager to fix these issues in order to check out a full ISim license.
WARNING: ISim will run in Lite mode. Please refer to the ISim documentation for more information on the differences between the Lite and the Full version.
This is a Lite version of ISim.
# run 150us
Simulator is doing circuit initialization process.
at 0 ps, Instance /tb_pcfg/uut/clk_gen/CNT0/ : Warning: There is an 'U'|'X'|'W'|'Z'|'-' in an arithmetic operand, the result will be 'X'(es).
Finished circuit initialization process.
at 37500 ps(2): Note: Block Memory Generator CORE Generator module is using a behavioral model FOR simulation which will not precisely model memory collision behavior. (/tb_pcfg/uut/internal_RAM3/U0/native_mem_module/mem_module/).
at 70962500 ps(2), Instance /tb_pcfg/uut/internal_RAM3/U0/native_mem_module/mem_module/ : Warning: CONV_INTEGER: There is an 'U'|'X'|'W'|'Z'|'-' in an arithmetic operand, and it has been converted to 0.
at 70962500 ps(2), Instance /tb_pcfg/uut/internal_RAM3/U0/native_mem_module/mem_module/ : Warning: CONV_INTEGER: There is an 'U'|'X'|'W'|'Z'|'-' in an arithmetic operand, and it has been converted to 0.
at 71012500 ps(2): Note: Block Memory Generator CORE Generator module is using a behavioral model FOR simulation which will not precisely model memory collision behavior. (/tb_pcfg/uut/internal_RAM0/U0/native_mem_module/mem_module/).
ISim P.20131013 (signature 0x7708f090)
----------------------------------------------------------------------
INFO:Security:61 - The XILINXD_LICENSE_FILE environment variable is not set.
INFO:Security:63 - The LM_LICENSE_FILE environment variable is not set.
INFO:Security:68 - For more information or for assistance in obtaining 
 a license, please run the Xilinx License Configuration Manager
       (xlcm or "Manage Xilinx Licenses".)
INFO:Security:68a - user is user1, on host CHEOLWHAN.
ERROR:Security:14 - No feature was available for 'ISIM'.

No such feature exists.
Feature:       ISIM
License path:  C:/.Xilinx\Xilinx.lic;E:\Xilinx\14.7\ISE_DS\ISE\/coregen/core_licenses\Xilinx.lic;E:\Xilinx\14.7\ISE_DS\ISE\/coregen/core_licenses\XilinxFree.lic;E:\Xilinx\14.7\ISE_DS\EDK/data/core_licenses\Xilinx.lic;
FLEXnet Licensing error:-5,357
For further information, refer to the FLEXnet Licensing documentation,
available at "www.flexerasoftware.com".
----------------------------------------------------------------------
WARNING: A full ISim License cannot be checked out due to the issues listed above. Please use Xilinx License Configuration Manager to fix these issues in order to check out a full ISim license.
WARNING: ISim will run in Lite mode. Please refer to the ISim documentation for more information on the differences between the Lite and the Full version.
This is a Lite version of ISim.
# run 150us
Simulator is doing circuit initialization process.
at 0 ps, Instance /tb_pcfg/uut/clk_gen/CNT0/ : Warning: There is an 'U'|'X'|'W'|'Z'|'-' in an arithmetic operand, the result will be 'X'(es).
Finished circuit initialization process.
at 37500 ps(2): Note: Block Memory Generator CORE Generator module is using a behavioral model FOR simulation which will not precisely model memory collision behavior. (/tb_pcfg/uut/internal_RAM3/U0/native_mem_module/mem_module/).
at 70962500 ps(2), Instance /tb_pcfg/uut/internal_RAM3/U0/native_mem_module/mem_module/ : Warning: CONV_INTEGER: There is an 'U'|'X'|'W'|'Z'|'-' in an arithmetic operand, and it has been converted to 0.
at 70962500 ps(2), Instance /tb_pcfg/uut/internal_RAM3/U0/native_mem_module/mem_module/ : Warning: CONV_INTEGER: There is an 'U'|'X'|'W'|'Z'|'-' in an arithmetic operand, and it has been converted to 0.
at 71012500 ps(2): Note: Block Memory Generator CORE Generator module is using a behavioral model FOR simulation which will not precisely model memory collision behavior. (/tb_pcfg/uut/internal_RAM0/U0/native_mem_module/mem_module/).
ISim P.20131013 (signature 0x7708f090)
----------------------------------------------------------------------
INFO:Security:61 - The XILINXD_LICENSE_FILE environment variable is not set.
INFO:Security:63 - The LM_LICENSE_FILE environment variable is not set.
INFO:Security:68 - For more information or for assistance in obtaining 
 a license, please run the Xilinx License Configuration Manager
       (xlcm or "Manage Xilinx Licenses".)
INFO:Security:68a - user is user1, on host CHEOLWHAN.
ERROR:Security:14 - No feature was available for 'ISIM'.

No such feature exists.
Feature:       ISIM
License path:  C:/.Xilinx\Xilinx.lic;E:\Xilinx\14.7\ISE_DS\ISE\/coregen/core_licenses\Xilinx.lic;E:\Xilinx\14.7\ISE_DS\ISE\/coregen/core_licenses\XilinxFree.lic;E:\Xilinx\14.7\ISE_DS\EDK/data/core_licenses\Xilinx.lic;
FLEXnet Licensing error:-5,357
For further information, refer to the FLEXnet Licensing documentation,
available at "www.flexerasoftware.com".
----------------------------------------------------------------------
WARNING: A full ISim License cannot be checked out due to the issues listed above. Please use Xilinx License Configuration Manager to fix these issues in order to check out a full ISim license.
WARNING: ISim will run in Lite mode. Please refer to the ISim documentation for more information on the differences between the Lite and the Full version.
This is a Lite version of ISim.
# run 150us
Simulator is doing circuit initialization process.
at 0 ps, Instance /tb_pcfg/uut/clk_gen/CNT0/ : Warning: There is an 'U'|'X'|'W'|'Z'|'-' in an arithmetic operand, the result will be 'X'(es).
Finished circuit initialization process.
at 37500 ps(2): Note: Block Memory Generator CORE Generator module is using a behavioral model FOR simulation which will not precisely model memory collision behavior. (/tb_pcfg/uut/internal_RAM3/U0/native_mem_module/mem_module/).
at 70962500 ps(2), Instance /tb_pcfg/uut/internal_RAM3/U0/native_mem_module/mem_module/ : Warning: CONV_INTEGER: There is an 'U'|'X'|'W'|'Z'|'-' in an arithmetic operand, and it has been converted to 0.
at 70962500 ps(2), Instance /tb_pcfg/uut/internal_RAM3/U0/native_mem_module/mem_module/ : Warning: CONV_INTEGER: There is an 'U'|'X'|'W'|'Z'|'-' in an arithmetic operand, and it has been converted to 0.
at 71012500 ps(2): Note: Block Memory Generator CORE Generator module is using a behavioral model FOR simulation which will not precisely model memory collision behavior. (/tb_pcfg/uut/internal_RAM0/U0/native_mem_module/mem_module/).
ISim P.20131013 (signature 0x7708f090)
----------------------------------------------------------------------
INFO:Security:61 - The XILINXD_LICENSE_FILE environment variable is not set.
INFO:Security:63 - The LM_LICENSE_FILE environment variable is not set.
INFO:Security:68 - For more information or for assistance in obtaining 
 a license, please run the Xilinx License Configuration Manager
       (xlcm or "Manage Xilinx Licenses".)
INFO:Security:68a - user is user1, on host CHEOLWHAN.
ERROR:Security:14 - No feature was available for 'ISIM'.

No such feature exists.
Feature:       ISIM
License path:  C:/.Xilinx\Xilinx.lic;E:\Xilinx\14.7\ISE_DS\ISE\/coregen/core_licenses\Xilinx.lic;E:\Xilinx\14.7\ISE_DS\ISE\/coregen/core_licenses\XilinxFree.lic;E:\Xilinx\14.7\ISE_DS\EDK/data/core_licenses\Xilinx.lic;
FLEXnet Licensing error:-5,357
For further information, refer to the FLEXnet Licensing documentation,
available at "www.flexerasoftware.com".
----------------------------------------------------------------------
WARNING: A full ISim License cannot be checked out due to the issues listed above. Please use Xilinx License Configuration Manager to fix these issues in order to check out a full ISim license.
WARNING: ISim will run in Lite mode. Please refer to the ISim documentation for more information on the differences between the Lite and the Full version.
This is a Lite version of ISim.
# run 150us
Simulator is doing circuit initialization process.
at 0 ps, Instance /tb_pcfg/uut/clk_gen/CNT0/ : Warning: There is an 'U'|'X'|'W'|'Z'|'-' in an arithmetic operand, the result will be 'X'(es).
Finished circuit initialization process.
at 37500 ps(2): Note: Block Memory Generator CORE Generator module is using a behavioral model FOR simulation which will not precisely model memory collision behavior. (/tb_pcfg/uut/internal_RAM3/U0/native_mem_module/mem_module/).
at 70962500 ps(2), Instance /tb_pcfg/uut/internal_RAM3/U0/native_mem_module/mem_module/ : Warning: CONV_INTEGER: There is an 'U'|'X'|'W'|'Z'|'-' in an arithmetic operand, and it has been converted to 0.
at 70962500 ps(2), Instance /tb_pcfg/uut/internal_RAM3/U0/native_mem_module/mem_module/ : Warning: CONV_INTEGER: There is an 'U'|'X'|'W'|'Z'|'-' in an arithmetic operand, and it has been converted to 0.
at 71012500 ps(2): Note: Block Memory Generator CORE Generator module is using a behavioral model FOR simulation which will not precisely model memory collision behavior. (/tb_pcfg/uut/internal_RAM0/U0/native_mem_module/mem_module/).
ISim P.20131013 (signature 0x7708f090)
----------------------------------------------------------------------
INFO:Security:61 - The XILINXD_LICENSE_FILE environment variable is not set.
INFO:Security:63 - The LM_LICENSE_FILE environment variable is not set.
INFO:Security:68 - For more information or for assistance in obtaining 
 a license, please run the Xilinx License Configuration Manager
       (xlcm or "Manage Xilinx Licenses".)
INFO:Security:68a - user is user1, on host CHEOLWHAN.
ERROR:Security:14 - No feature was available for 'ISIM'.

No such feature exists.
Feature:       ISIM
License path:  C:/.Xilinx\Xilinx.lic;E:\Xilinx\14.7\ISE_DS\ISE\/coregen/core_licenses\Xilinx.lic;E:\Xilinx\14.7\ISE_DS\ISE\/coregen/core_licenses\XilinxFree.lic;E:\Xilinx\14.7\ISE_DS\EDK/data/core_licenses\Xilinx.lic;
FLEXnet Licensing error:-5,357
For further information, refer to the FLEXnet Licensing documentation,
available at "www.flexerasoftware.com".
----------------------------------------------------------------------
WARNING: A full ISim License cannot be checked out due to the issues listed above. Please use Xilinx License Configuration Manager to fix these issues in order to check out a full ISim license.
WARNING: ISim will run in Lite mode. Please refer to the ISim documentation for more information on the differences between the Lite and the Full version.
This is a Lite version of ISim.
# run 150us
Simulator is doing circuit initialization process.
at 0 ps, Instance /tb_pcfg/uut/clk_gen/CNT0/ : Warning: There is an 'U'|'X'|'W'|'Z'|'-' in an arithmetic operand, the result will be 'X'(es).
Finished circuit initialization process.
at 37500 ps(2): Note: Block Memory Generator CORE Generator module is using a behavioral model FOR simulation which will not precisely model memory collision behavior. (/tb_pcfg/uut/internal_RAM3/U0/native_mem_module/mem_module/).
at 70962500 ps(2), Instance /tb_pcfg/uut/internal_RAM3/U0/native_mem_module/mem_module/ : Warning: CONV_INTEGER: There is an 'U'|'X'|'W'|'Z'|'-' in an arithmetic operand, and it has been converted to 0.
at 70962500 ps(2), Instance /tb_pcfg/uut/internal_RAM3/U0/native_mem_module/mem_module/ : Warning: CONV_INTEGER: There is an 'U'|'X'|'W'|'Z'|'-' in an arithmetic operand, and it has been converted to 0.
at 71012500 ps(2): Note: Block Memory Generator CORE Generator module is using a behavioral model FOR simulation which will not precisely model memory collision behavior. (/tb_pcfg/uut/internal_RAM0/U0/native_mem_module/mem_module/).
ISim P.20131013 (signature 0x7708f090)
----------------------------------------------------------------------
INFO:Security:61 - The XILINXD_LICENSE_FILE environment variable is not set.
INFO:Security:63 - The LM_LICENSE_FILE environment variable is not set.
INFO:Security:68 - For more information or for assistance in obtaining 
 a license, please run the Xilinx License Configuration Manager
       (xlcm or "Manage Xilinx Licenses".)
INFO:Security:68a - user is user1, on host CHEOLWHAN.
ERROR:Security:14 - No feature was available for 'ISIM'.

No such feature exists.
Feature:       ISIM
License path:  C:/.Xilinx\Xilinx.lic;E:\Xilinx\14.7\ISE_DS\ISE\/coregen/core_licenses\Xilinx.lic;E:\Xilinx\14.7\ISE_DS\ISE\/coregen/core_licenses\XilinxFree.lic;E:\Xilinx\14.7\ISE_DS\EDK/data/core_licenses\Xilinx.lic;
FLEXnet Licensing error:-5,357
For further information, refer to the FLEXnet Licensing documentation,
available at "www.flexerasoftware.com".
----------------------------------------------------------------------
WARNING: A full ISim License cannot be checked out due to the issues listed above. Please use Xilinx License Configuration Manager to fix these issues in order to check out a full ISim license.
WARNING: ISim will run in Lite mode. Please refer to the ISim documentation for more information on the differences between the Lite and the Full version.
This is a Lite version of ISim.
# run 150us
Simulator is doing circuit initialization process.
at 0 ps, Instance /tb_pcfg/uut/clk_gen/CNT0/ : Warning: There is an 'U'|'X'|'W'|'Z'|'-' in an arithmetic operand, the result will be 'X'(es).
Finished circuit initialization process.
at 37500 ps(2): Note: Block Memory Generator CORE Generator module is using a behavioral model FOR simulation which will not precisely model memory collision behavior. (/tb_pcfg/uut/internal_RAM3/U0/native_mem_module/mem_module/).
at 70962500 ps(2), Instance /tb_pcfg/uut/internal_RAM3/U0/native_mem_module/mem_module/ : Warning: CONV_INTEGER: There is an 'U'|'X'|'W'|'Z'|'-' in an arithmetic operand, and it has been converted to 0.
at 70962500 ps(2), Instance /tb_pcfg/uut/internal_RAM3/U0/native_mem_module/mem_module/ : Warning: CONV_INTEGER: There is an 'U'|'X'|'W'|'Z'|'-' in an arithmetic operand, and it has been converted to 0.
at 71012500 ps(2): Note: Block Memory Generator CORE Generator module is using a behavioral model FOR simulation which will not precisely model memory collision behavior. (/tb_pcfg/uut/internal_RAM0/U0/native_mem_module/mem_module/).
ISim P.20131013 (signature 0x7708f090)
----------------------------------------------------------------------
INFO:Security:61 - The XILINXD_LICENSE_FILE environment variable is not set.
INFO:Security:63 - The LM_LICENSE_FILE environment variable is not set.
INFO:Security:68 - For more information or for assistance in obtaining 
 a license, please run the Xilinx License Configuration Manager
       (xlcm or "Manage Xilinx Licenses".)
INFO:Security:68a - user is user1, on host CHEOLWHAN.
ERROR:Security:14 - No feature was available for 'ISIM'.

No such feature exists.
Feature:       ISIM
License path:  C:/.Xilinx\Xilinx.lic;E:\Xilinx\14.7\ISE_DS\ISE\/coregen/core_licenses\Xilinx.lic;E:\Xilinx\14.7\ISE_DS\ISE\/coregen/core_licenses\XilinxFree.lic;E:\Xilinx\14.7\ISE_DS\EDK/data/core_licenses\Xilinx.lic;
FLEXnet Licensing error:-5,357
For further information, refer to the FLEXnet Licensing documentation,
available at "www.flexerasoftware.com".
----------------------------------------------------------------------
WARNING: A full ISim License cannot be checked out due to the issues listed above. Please use Xilinx License Configuration Manager to fix these issues in order to check out a full ISim license.
WARNING: ISim will run in Lite mode. Please refer to the ISim documentation for more information on the differences between the Lite and the Full version.
This is a Lite version of ISim.
# run 150us
Simulator is doing circuit initialization process.
at 0 ps, Instance /tb_pcfg/uut/clk_gen/CNT0/ : Warning: There is an 'U'|'X'|'W'|'Z'|'-' in an arithmetic operand, the result will be 'X'(es).
Finished circuit initialization process.
at 37500 ps(2): Note: Block Memory Generator CORE Generator module is using a behavioral model FOR simulation which will not precisely model memory collision behavior. (/tb_pcfg/uut/internal_RAM3/U0/native_mem_module/mem_module/).
at 70962500 ps(2), Instance /tb_pcfg/uut/internal_RAM3/U0/native_mem_module/mem_module/ : Warning: CONV_INTEGER: There is an 'U'|'X'|'W'|'Z'|'-' in an arithmetic operand, and it has been converted to 0.
at 70962500 ps(2), Instance /tb_pcfg/uut/internal_RAM3/U0/native_mem_module/mem_module/ : Warning: CONV_INTEGER: There is an 'U'|'X'|'W'|'Z'|'-' in an arithmetic operand, and it has been converted to 0.
at 71012500 ps(2): Note: Block Memory Generator CORE Generator module is using a behavioral model FOR simulation which will not precisely model memory collision behavior. (/tb_pcfg/uut/internal_RAM0/U0/native_mem_module/mem_module/).
ISim P.20131013 (signature 0x7708f090)
----------------------------------------------------------------------
INFO:Security:61 - The XILINXD_LICENSE_FILE environment variable is not set.
INFO:Security:63 - The LM_LICENSE_FILE environment variable is not set.
INFO:Security:68 - For more information or for assistance in obtaining 
 a license, please run the Xilinx License Configuration Manager
       (xlcm or "Manage Xilinx Licenses".)
INFO:Security:68a - user is user1, on host CHEOLWHAN.
ERROR:Security:14 - No feature was available for 'ISIM'.

No such feature exists.
Feature:       ISIM
License path:  C:/.Xilinx\Xilinx.lic;E:\Xilinx\14.7\ISE_DS\ISE\/coregen/core_licenses\Xilinx.lic;E:\Xilinx\14.7\ISE_DS\ISE\/coregen/core_licenses\XilinxFree.lic;E:\Xilinx\14.7\ISE_DS\EDK/data/core_licenses\Xilinx.lic;
FLEXnet Licensing error:-5,357
For further information, refer to the FLEXnet Licensing documentation,
available at "www.flexerasoftware.com".
----------------------------------------------------------------------
WARNING: A full ISim License cannot be checked out due to the issues listed above. Please use Xilinx License Configuration Manager to fix these issues in order to check out a full ISim license.
WARNING: ISim will run in Lite mode. Please refer to the ISim documentation for more information on the differences between the Lite and the Full version.
This is a Lite version of ISim.
# run 150us
Simulator is doing circuit initialization process.
at 0 ps, Instance /tb_pcfg/uut/clk_gen/CNT0/ : Warning: There is an 'U'|'X'|'W'|'Z'|'-' in an arithmetic operand, the result will be 'X'(es).
Finished circuit initialization process.
at 37500 ps(2): Note: Block Memory Generator CORE Generator module is using a behavioral model FOR simulation which will not precisely model memory collision behavior. (/tb_pcfg/uut/internal_RAM3/U0/native_mem_module/mem_module/).
at 70962500 ps(2), Instance /tb_pcfg/uut/internal_RAM3/U0/native_mem_module/mem_module/ : Warning: CONV_INTEGER: There is an 'U'|'X'|'W'|'Z'|'-' in an arithmetic operand, and it has been converted to 0.
at 70962500 ps(2), Instance /tb_pcfg/uut/internal_RAM3/U0/native_mem_module/mem_module/ : Warning: CONV_INTEGER: There is an 'U'|'X'|'W'|'Z'|'-' in an arithmetic operand, and it has been converted to 0.
at 71012500 ps(2): Note: Block Memory Generator CORE Generator module is using a behavioral model FOR simulation which will not precisely model memory collision behavior. (/tb_pcfg/uut/internal_RAM0/U0/native_mem_module/mem_module/).
ISim P.20131013 (signature 0x7708f090)
----------------------------------------------------------------------
INFO:Security:61 - The XILINXD_LICENSE_FILE environment variable is not set.
INFO:Security:63 - The LM_LICENSE_FILE environment variable is not set.
INFO:Security:68 - For more information or for assistance in obtaining 
 a license, please run the Xilinx License Configuration Manager
       (xlcm or "Manage Xilinx Licenses".)
INFO:Security:68a - user is user1, on host CHEOLWHAN.
ERROR:Security:14 - No feature was available for 'ISIM'.

No such feature exists.
Feature:       ISIM
License path:  C:/.Xilinx\Xilinx.lic;E:\Xilinx\14.7\ISE_DS\ISE\/coregen/core_licenses\Xilinx.lic;E:\Xilinx\14.7\ISE_DS\ISE\/coregen/core_licenses\XilinxFree.lic;E:\Xilinx\14.7\ISE_DS\EDK/data/core_licenses\Xilinx.lic;
FLEXnet Licensing error:-5,357
For further information, refer to the FLEXnet Licensing documentation,
available at "www.flexerasoftware.com".
----------------------------------------------------------------------
WARNING: A full ISim License cannot be checked out due to the issues listed above. Please use Xilinx License Configuration Manager to fix these issues in order to check out a full ISim license.
WARNING: ISim will run in Lite mode. Please refer to the ISim documentation for more information on the differences between the Lite and the Full version.
This is a Lite version of ISim.
# run 150us
Simulator is doing circuit initialization process.
at 0 ps, Instance /tb_pcfg/uut/clk_gen/CNT0/ : Warning: There is an 'U'|'X'|'W'|'Z'|'-' in an arithmetic operand, the result will be 'X'(es).
Finished circuit initialization process.
at 37500 ps(2): Note: Block Memory Generator CORE Generator module is using a behavioral model FOR simulation which will not precisely model memory collision behavior. (/tb_pcfg/uut/internal_RAM3/U0/native_mem_module/mem_module/).
at 71012500 ps(2): Note: Block Memory Generator CORE Generator module is using a behavioral model FOR simulation which will not precisely model memory collision behavior. (/tb_pcfg/uut/internal_RAM0/U0/native_mem_module/mem_module/).
ISim P.20131013 (signature 0x7708f090)
----------------------------------------------------------------------
INFO:Security:61 - The XILINXD_LICENSE_FILE environment variable is not set.
INFO:Security:63 - The LM_LICENSE_FILE environment variable is not set.
INFO:Security:68 - For more information or for assistance in obtaining 
 a license, please run the Xilinx License Configuration Manager
       (xlcm or "Manage Xilinx Licenses".)
INFO:Security:68a - user is user1, on host CHEOLWHAN.
ERROR:Security:14 - No feature was available for 'ISIM'.

No such feature exists.
Feature:       ISIM
License path:  C:/.Xilinx\Xilinx.lic;E:\Xilinx\14.7\ISE_DS\ISE\/coregen/core_licenses\Xilinx.lic;E:\Xilinx\14.7\ISE_DS\ISE\/coregen/core_licenses\XilinxFree.lic;E:\Xilinx\14.7\ISE_DS\EDK/data/core_licenses\Xilinx.lic;
FLEXnet Licensing error:-5,357
For further information, refer to the FLEXnet Licensing documentation,
available at "www.flexerasoftware.com".
----------------------------------------------------------------------
WARNING: A full ISim License cannot be checked out due to the issues listed above. Please use Xilinx License Configuration Manager to fix these issues in order to check out a full ISim license.
WARNING: ISim will run in Lite mode. Please refer to the ISim documentation for more information on the differences between the Lite and the Full version.
This is a Lite version of ISim.
# run 150us
Simulator is doing circuit initialization process.
at 0 ps, Instance /tb_pcfg/uut/clk_gen/CNT0/ : Warning: There is an 'U'|'X'|'W'|'Z'|'-' in an arithmetic operand, the result will be 'X'(es).
Finished circuit initialization process.
at 6575 ns(5): Note: Block Memory Generator CORE Generator module is using a behavioral model FOR simulation which will not precisely model memory collision behavior. (/tb_pcfg/uut/internal_RAM3/U0/native_mem_module/mem_module/).
at 70962500 ps(2), Instance /tb_pcfg/uut/internal_RAM3/U0/native_mem_module/mem_module/ : Warning: CONV_INTEGER: There is an 'U'|'X'|'W'|'Z'|'-' in an arithmetic operand, and it has been converted to 0.
at 71012500 ps(2): Note: Block Memory Generator CORE Generator module is using a behavioral model FOR simulation which will not precisely model memory collision behavior. (/tb_pcfg/uut/internal_RAM0/U0/native_mem_module/mem_module/).
