Command line:
   tb_avg_isim_beh.exe
     -simmode  gui
     -simrunnum  0
     -socket  50848

Thu Nov 15 19:52:20 2018


 Elaboration Time: 0.03125 sec

 Current Memory Usage: 5177.49 Meg

 Total Signals          : 78
 Total Nets             : 134
 Total Signal Drivers   : 22
 Total Blocks           : 14
 Total Primitive Blocks : 12
 Total Processes        : 11
 Total Traceable Variables  : 11
 Total Scalar Nets and Variables : 513
Total Line Count : 66

 Total Simulation Time: 0.03125 sec

 Current Memory Usage: 5020.2 Meg

Thu Nov 15 19:54:07 2018

